{"/home/runner/work/MediLink/MediLink/PollySOA/MediLink/frontend/src/App.tsx": {"path":"/home/runner/work/MediLink/MediLink/PollySOA/MediLink/frontend/src/App.tsx","statementMap":{"0":{"start":{"line":281,"column":0},"end":{"line":281,"column":24}},"1":{"start":{"line":1,"column":0},"end":{"line":1,"column":32}},"2":{"start":{"line":2,"column":0},"end":{"line":2,"column":61}},"3":{"start":{"line":3,"column":0},"end":{"line":3,"column":41}},"4":{"start":{"line":4,"column":0},"end":{"line":4,"column":53}},"5":{"start":{"line":5,"column":0},"end":{"line":5,"column":55}},"6":{"start":{"line":6,"column":0},"end":{"line":6,"column":74}},"7":{"start":{"line":7,"column":0},"end":{"line":7,"column":49}},"8":{"start":{"line":8,"column":0},"end":{"line":8,"column":45}},"9":{"start":{"line":9,"column":0},"end":{"line":9,"column":18}},"10":{"start":{"line":15,"column":34},"end":{"line":15,"column":43}},"11":{"start":{"line":16,"column":36},"end":{"line":16,"column":67}},"12":{"start":{"line":17,"column":38},"end":{"line":17,"column":67}},"13":{"start":{"line":18,"column":46},"end":{"line":18,"column":61}},"14":{"start":{"line":19,"column":44},"end":{"line":19,"column":59}},"15":{"start":{"line":20,"column":40},"end":{"line":20,"column":69}},"16":{"start":{"line":21,"column":44},"end":{"line":21,"column":73}},"17":{"start":{"line":22,"column":44},"end":{"line":22,"column":73}},"18":{"start":{"line":23,"column":54},"end":{"line":23,"column":95}},"19":{"start":{"line":24,"column":44},"end":{"line":24,"column":73}},"20":{"start":{"line":26,"column":2},"end":{"line":26,"column":null}},"21":{"start":{"line":26,"column":13},"end":{"line":26,"column":null}},"22":{"start":{"line":28,"column":21},"end":{"line":28,"column":25}},"23":{"start":{"line":30,"column":18},"end":{"line":30,"column":73}},"24":{"start":{"line":32,"column":29},"end":{"line":34,"column":75}},"25":{"start":{"line":36,"column":29},"end":{"line":40,"column":null}},"26":{"start":{"line":43,"column":4},"end":{"line":43,"column":62}},"27":{"start":{"line":43,"column":56},"end":{"line":43,"column":62}},"28":{"start":{"line":45,"column":4},"end":{"line":78,"column":5}},"29":{"start":{"line":46,"column":6},"end":{"line":46,"column":null}},"30":{"start":{"line":47,"column":6},"end":{"line":47,"column":null}},"31":{"start":{"line":48,"column":6},"end":{"line":48,"column":null}},"32":{"start":{"line":49,"column":6},"end":{"line":49,"column":null}},"33":{"start":{"line":52,"column":29},"end":{"line":53,"column":null}},"34":{"start":{"line":53,"column":8},"end":{"line":53,"column":97}},"35":{"start":{"line":53,"column":25},"end":{"line":53,"column":89}},"36":{"start":{"line":56,"column":21},"end":{"line":59,"column":62}},"37":{"start":{"line":61,"column":6},"end":{"line":68,"column":7}},"38":{"start":{"line":62,"column":24},"end":{"line":62,"column":61}},"39":{"start":{"line":63,"column":8},"end":{"line":63,"column":null}},"40":{"start":{"line":64,"column":28},"end":{"line":64,"column":128}},"41":{"start":{"line":65,"column":8},"end":{"line":65,"column":null}},"42":{"start":{"line":66,"column":8},"end":{"line":66,"column":null}},"43":{"start":{"line":67,"column":8},"end":{"line":67,"column":null}},"44":{"start":{"line":70,"column":6},"end":{"line":70,"column":null}},"45":{"start":{"line":71,"column":6},"end":{"line":71,"column":null}},"46":{"start":{"line":72,"column":27},"end":{"line":74,"column":58}},"47":{"start":{"line":75,"column":6},"end":{"line":75,"column":null}},"48":{"start":{"line":77,"column":6},"end":{"line":77,"column":null}},"49":{"start":{"line":82,"column":4},"end":{"line":82,"column":30}},"50":{"start":{"line":82,"column":24},"end":{"line":82,"column":30}},"51":{"start":{"line":83,"column":4},"end":{"line":88,"column":5}},"52":{"start":{"line":84,"column":6},"end":{"line":84,"column":null}},"53":{"start":{"line":85,"column":6},"end":{"line":85,"column":null}},"54":{"start":{"line":87,"column":6},"end":{"line":87,"column":null}},"55":{"start":{"line":91,"column":62},"end":{"line":95,"column":null}},"56":{"start":{"line":97,"column":64},"end":{"line":102,"column":null}},"57":{"start":{"line":104,"column":2},"end":{"line":278,"column":null}},"58":{"start":{"line":111,"column":27},"end":{"line":111,"column":61}},"59":{"start":{"line":137,"column":27},"end":{"line":137,"column":51}},"60":{"start":{"line":149,"column":27},"end":{"line":149,"column":51}},"61":{"start":{"line":159,"column":18},"end":{"line":160,"column":null}},"62":{"start":{"line":164,"column":22},"end":{"line":164,"column":null}},"63":{"start":{"line":165,"column":22},"end":{"line":165,"column":null}},"64":{"start":{"line":177,"column":18},"end":{"line":178,"column":null}},"65":{"start":{"line":182,"column":22},"end":{"line":182,"column":null}},"66":{"start":{"line":183,"column":22},"end":{"line":183,"column":null}},"67":{"start":{"line":206,"column":48},"end":{"line":206,"column":65}},"68":{"start":{"line":211,"column":31},"end":{"line":211,"column":57}},"69":{"start":{"line":220,"column":31},"end":{"line":220,"column":56}},"70":{"start":{"line":282,"column":2},"end":{"line":286,"column":null}}},"fnMap":{"0":{"name":"AppContent","decl":{"start":{"line":14,"column":9},"end":{"line":14,"column":19}},"loc":{"start":{"line":14,"column":19},"end":{"line":279,"column":1}}},"1":{"name":"handleOpenIdonia","decl":{"start":{"line":42,"column":17},"end":{"line":42,"column":33}},"loc":{"start":{"line":42,"column":62},"end":{"line":79,"column":3}}},"2":{"name":"(anonymous_3)","decl":{"start":{"line":52,"column":41},"end":{"line":52,"column":42}},"loc":{"start":{"line":53,"column":8},"end":{"line":53,"column":97}}},"3":{"name":"(anonymous_4)","decl":{"start":{"line":53,"column":19},"end":{"line":53,"column":22}},"loc":{"start":{"line":53,"column":25},"end":{"line":53,"column":89}}},"4":{"name":"handleCopyPin","decl":{"start":{"line":81,"column":17},"end":{"line":81,"column":30}},"loc":{"start":{"line":81,"column":30},"end":{"line":89,"column":3}}},"5":{"name":"(anonymous_6)","decl":{"start":{"line":111,"column":21},"end":{"line":111,"column":24}},"loc":{"start":{"line":111,"column":27},"end":{"line":111,"column":61}}},"6":{"name":"(anonymous_7)","decl":{"start":{"line":137,"column":21},"end":{"line":137,"column":24}},"loc":{"start":{"line":137,"column":27},"end":{"line":137,"column":51}}},"7":{"name":"(anonymous_8)","decl":{"start":{"line":149,"column":21},"end":{"line":149,"column":24}},"loc":{"start":{"line":149,"column":27},"end":{"line":149,"column":51}}},"8":{"name":"(anonymous_9)","decl":{"start":{"line":158,"column":36},"end":{"line":158,"column":40}},"loc":{"start":{"line":159,"column":18},"end":{"line":160,"column":null}}},"9":{"name":"(anonymous_10)","decl":{"start":{"line":163,"column":29},"end":{"line":163,"column":32}},"loc":{"start":{"line":163,"column":34},"end":{"line":166,"column":21}}},"10":{"name":"(anonymous_11)","decl":{"start":{"line":176,"column":37},"end":{"line":176,"column":41}},"loc":{"start":{"line":177,"column":18},"end":{"line":178,"column":null}}},"11":{"name":"(anonymous_12)","decl":{"start":{"line":181,"column":29},"end":{"line":181,"column":32}},"loc":{"start":{"line":181,"column":34},"end":{"line":184,"column":21}}},"12":{"name":"(anonymous_13)","decl":{"start":{"line":206,"column":40},"end":{"line":206,"column":44}},"loc":{"start":{"line":206,"column":48},"end":{"line":206,"column":65}}},"13":{"name":"(anonymous_14)","decl":{"start":{"line":211,"column":25},"end":{"line":211,"column":28}},"loc":{"start":{"line":211,"column":31},"end":{"line":211,"column":57}}},"14":{"name":"(anonymous_15)","decl":{"start":{"line":220,"column":25},"end":{"line":220,"column":28}},"loc":{"start":{"line":220,"column":31},"end":{"line":220,"column":56}}},"15":{"name":"App","decl":{"start":{"line":281,"column":24},"end":{"line":281,"column":27}},"loc":{"start":{"line":281,"column":27},"end":{"line":287,"column":1}}}},"branchMap":{"0":{"loc":{"start":{"line":26,"column":2},"end":{"line":26,"column":null}},"type":"if","locations":[{"start":{"line":26,"column":2},"end":{"line":26,"column":null}},{"start":{},"end":{}}]},"1":{"loc":{"start":{"line":30,"column":18},"end":{"line":30,"column":73}},"type":"binary-expr","locations":[{"start":{"line":30,"column":18},"end":{"line":30,"column":46}},{"start":{"line":30,"column":50},"end":{"line":30,"column":73}}]},"2":{"loc":{"start":{"line":32,"column":29},"end":{"line":34,"column":75}},"type":"cond-expr","locations":[{"start":{"line":33,"column":6},"end":{"line":33,"column":63}},{"start":{"line":34,"column":6},"end":{"line":34,"column":75}}]},"3":{"loc":{"start":{"line":43,"column":4},"end":{"line":43,"column":62}},"type":"if","locations":[{"start":{"line":43,"column":4},"end":{"line":43,"column":62}},{"start":{},"end":{}}]},"4":{"loc":{"start":{"line":43,"column":8},"end":{"line":43,"column":54}},"type":"binary-expr","locations":[{"start":{"line":43,"column":8},"end":{"line":43,"column":37}},{"start":{"line":43,"column":41},"end":{"line":43,"column":54}}]},"5":{"loc":{"start":{"line":57,"column":56},"end":{"line":57,"column":74}},"type":"binary-expr","locations":[{"start":{"line":57,"column":56},"end":{"line":57,"column":61}},{"start":{"line":57,"column":65},"end":{"line":57,"column":74}}]},"6":{"loc":{"start":{"line":61,"column":6},"end":{"line":68,"column":7}},"type":"if","locations":[{"start":{"line":61,"column":6},"end":{"line":68,"column":7}},{"start":{},"end":{}}]},"7":{"loc":{"start":{"line":64,"column":28},"end":{"line":64,"column":128}},"type":"cond-expr","locations":[{"start":{"line":64,"column":51},"end":{"line":64,"column":94}},{"start":{"line":64,"column":97},"end":{"line":64,"column":128}}]},"8":{"loc":{"start":{"line":66,"column":25},"end":{"line":66,"column":54}},"type":"binary-expr","locations":[{"start":{"line":66,"column":25},"end":{"line":66,"column":46}},{"start":{"line":66,"column":50},"end":{"line":66,"column":54}}]},"9":{"loc":{"start":{"line":72,"column":27},"end":{"line":74,"column":58}},"type":"cond-expr","locations":[{"start":{"line":73,"column":10},"end":{"line":73,"column":23}},{"start":{"line":74,"column":10},"end":{"line":74,"column":58}}]},"10":{"loc":{"start":{"line":72,"column":27},"end":{"line":72,"column":95}},"type":"binary-expr","locations":[{"start":{"line":72,"column":27},"end":{"line":72,"column":49}},{"start":{"line":72,"column":53},"end":{"line":72,"column":95}}]},"11":{"loc":{"start":{"line":82,"column":4},"end":{"line":82,"column":30}},"type":"if","locations":[{"start":{"line":82,"column":4},"end":{"line":82,"column":30}},{"start":{},"end":{}}]},"12":{"loc":{"start":{"line":112,"column":24},"end":{"line":112,"column":69}},"type":"cond-expr","locations":[{"start":{"line":112,"column":41},"end":{"line":112,"column":54}},{"start":{"line":112,"column":57},"end":{"line":112,"column":69}}]},"13":{"loc":{"start":{"line":116,"column":15},"end":{"line":116,"column":41}},"type":"cond-expr","locations":[{"start":{"line":116,"column":32},"end":{"line":116,"column":35}},{"start":{"line":116,"column":38},"end":{"line":116,"column":41}}]},"14":{"loc":{"start":{"line":125,"column":15},"end":{"line":125,"column":61}},"type":"cond-expr","locations":[{"start":{"line":125,"column":40},"end":{"line":125,"column":48}},{"start":{"line":125,"column":51},"end":{"line":125,"column":61}}]},"15":{"loc":{"start":{"line":134,"column":9},"end":{"line":139,"column":null}},"type":"binary-expr","locations":[{"start":{"line":134,"column":9},"end":{"line":134,"column":23}},{"start":{"line":135,"column":10},"end":{"line":138,"column":null}}]},"16":{"loc":{"start":{"line":142,"column":32},"end":{"line":142,"column":68}},"type":"cond-expr","locations":[{"start":{"line":142,"column":49},"end":{"line":142,"column":63}},{"start":{"line":142,"column":66},"end":{"line":142,"column":68}}]},"17":{"loc":{"start":{"line":145,"column":23},"end":{"line":145,"column":56}},"type":"cond-expr","locations":[{"start":{"line":145,"column":40},"end":{"line":145,"column":47}},{"start":{"line":145,"column":50},"end":{"line":145,"column":56}}]},"18":{"loc":{"start":{"line":155,"column":38},"end":{"line":155,"column":90}},"type":"cond-expr","locations":[{"start":{"line":155,"column":63},"end":{"line":155,"column":77}},{"start":{"line":155,"column":80},"end":{"line":155,"column":90}}]},"19":{"loc":{"start":{"line":156,"column":13},"end":{"line":198,"column":null}},"type":"cond-expr","locations":[{"start":{"line":157,"column":14},"end":{"line":172,"column":null}},{"start":{"line":175,"column":14},"end":{"line":197,"column":null}}]},"20":{"loc":{"start":{"line":162,"column":52},"end":{"line":162,"column":90}},"type":"cond-expr","locations":[{"start":{"line":162,"column":77},"end":{"line":162,"column":85}},{"start":{"line":162,"column":88},"end":{"line":162,"column":90}}]},"21":{"loc":{"start":{"line":167,"column":34},"end":{"line":167,"column":77}},"type":"cond-expr","locations":[{"start":{"line":167,"column":59},"end":{"line":167,"column":65}},{"start":{"line":167,"column":68},"end":{"line":167,"column":77}}]},"22":{"loc":{"start":{"line":180,"column":52},"end":{"line":180,"column":91}},"type":"cond-expr","locations":[{"start":{"line":180,"column":78},"end":{"line":180,"column":86}},{"start":{"line":180,"column":89},"end":{"line":180,"column":91}}]},"23":{"loc":{"start":{"line":185,"column":34},"end":{"line":185,"column":78}},"type":"cond-expr","locations":[{"start":{"line":185,"column":60},"end":{"line":185,"column":66}},{"start":{"line":185,"column":69},"end":{"line":185,"column":78}}]},"24":{"loc":{"start":{"line":188,"column":21},"end":{"line":194,"column":null}},"type":"cond-expr","locations":[{"start":{"line":189,"column":22},"end":{"line":191,"column":null}},{"start":{"line":194,"column":22},"end":{"line":194,"column":32}}]},"25":{"loc":{"start":{"line":201,"column":11},"end":{"line":244,"column":18}},"type":"cond-expr","locations":[{"start":{"line":202,"column":12},"end":{"line":242,"column":null}},{"start":{"line":244,"column":14},"end":{"line":244,"column":18}}]},"26":{"loc":{"start":{"line":213,"column":23},"end":{"line":213,"column":83}},"type":"cond-expr","locations":[{"start":{"line":213,"column":39},"end":{"line":213,"column":71}},{"start":{"line":213,"column":74},"end":{"line":213,"column":83}}]},"27":{"loc":{"start":{"line":215,"column":17},"end":{"line":215,"column":127}},"type":"cond-expr","locations":[{"start":{"line":215,"column":33},"end":{"line":215,"column":83}},{"start":{"line":215,"column":86},"end":{"line":215,"column":127}}]},"28":{"loc":{"start":{"line":222,"column":23},"end":{"line":222,"column":83}},"type":"cond-expr","locations":[{"start":{"line":222,"column":39},"end":{"line":222,"column":71}},{"start":{"line":222,"column":74},"end":{"line":222,"column":83}}]},"29":{"loc":{"start":{"line":224,"column":17},"end":{"line":224,"column":139}},"type":"cond-expr","locations":[{"start":{"line":224,"column":33},"end":{"line":224,"column":83}},{"start":{"line":224,"column":86},"end":{"line":224,"column":139}}]},"30":{"loc":{"start":{"line":226,"column":15},"end":{"line":240,"column":22}},"type":"cond-expr","locations":[{"start":{"line":227,"column":16},"end":{"line":238,"column":null}},{"start":{"line":240,"column":18},"end":{"line":240,"column":22}}]},"31":{"loc":{"start":{"line":229,"column":30},"end":{"line":229,"column":84}},"type":"cond-expr","locations":[{"start":{"line":229,"column":63},"end":{"line":229,"column":72}},{"start":{"line":229,"column":75},"end":{"line":229,"column":84}}]},"32":{"loc":{"start":{"line":238,"column":19},"end":{"line":238,"column":94}},"type":"cond-expr","locations":[{"start":{"line":238,"column":35},"end":{"line":238,"column":87}},{"start":{"line":238,"column":90},"end":{"line":238,"column":94}}]},"33":{"loc":{"start":{"line":241,"column":15},"end":{"line":241,"column":102}},"type":"cond-expr","locations":[{"start":{"line":241,"column":29},"end":{"line":241,"column":95}},{"start":{"line":241,"column":98},"end":{"line":241,"column":102}}]},"34":{"loc":{"start":{"line":242,"column":15},"end":{"line":242,"column":108}},"type":"cond-expr","locations":[{"start":{"line":242,"column":31},"end":{"line":242,"column":101}},{"start":{"line":242,"column":104},"end":{"line":242,"column":108}}]},"35":{"loc":{"start":{"line":249,"column":13},"end":{"line":258,"column":null}},"type":"cond-expr","locations":[{"start":{"line":250,"column":14},"end":{"line":252,"column":null}},{"start":{"line":255,"column":14},"end":{"line":257,"column":null}}]},"36":{"loc":{"start":{"line":264,"column":13},"end":{"line":267,"column":null}},"type":"binary-expr","locations":[{"start":{"line":264,"column":13},"end":{"line":264,"column":36}},{"start":{"line":265,"column":14},"end":{"line":265,"column":null}}]},"37":{"loc":{"start":{"line":270,"column":11},"end":{"line":273,"column":null}},"type":"cond-expr","locations":[{"start":{"line":271,"column":12},"end":{"line":271,"column":80}},{"start":{"line":273,"column":12},"end":{"line":273,"column":83}}]}},"s":{"0":0,"1":0,"2":0,"3":0,"4":0,"5":0,"6":0,"7":0,"8":0,"9":0,"10":0,"11":0,"12":0,"13":0,"14":0,"15":0,"16":0,"17":0,"18":0,"19":0,"20":0,"21":0,"22":0,"23":0,"24":0,"25":0,"26":0,"27":0,"28":0,"29":0,"30":0,"31":0,"32":0,"33":0,"34":0,"35":0,"36":0,"37":0,"38":0,"39":0,"40":0,"41":0,"42":0,"43":0,"44":0,"45":0,"46":0,"47":0,"48":0,"49":0,"50":0,"51":0,"52":0,"53":0,"54":0,"55":0,"56":0,"57":0,"58":0,"59":0,"60":0,"61":0,"62":0,"63":0,"64":0,"65":0,"66":0,"67":0,"68":0,"69":0,"70":0},"f":{"0":0,"1":0,"2":0,"3":0,"4":0,"5":0,"6":0,"7":0,"8":0,"9":0,"10":0,"11":0,"12":0,"13":0,"14":0,"15":0},"b":{"0":[0,0],"1":[0,0],"2":[0,0],"3":[0,0],"4":[0,0],"5":[0,0],"6":[0,0],"7":[0,0],"8":[0,0],"9":[0,0],"10":[0,0],"11":[0,0],"12":[0,0],"13":[0,0],"14":[0,0],"15":[0,0],"16":[0,0],"17":[0,0],"18":[0,0],"19":[0,0],"20":[0,0],"21":[0,0],"22":[0,0],"23":[0,0],"24":[0,0],"25":[0,0],"26":[0,0],"27":[0,0],"28":[0,0],"29":[0,0],"30":[0,0],"31":[0,0],"32":[0,0],"33":[0,0],"34":[0,0],"35":[0,0],"36":[0,0],"37":[0,0]}}
,"/home/runner/work/MediLink/MediLink/PollySOA/MediLink/frontend/src/components/VoiceButton.tsx": {"path":"/home/runner/work/MediLink/MediLink/PollySOA/MediLink/frontend/src/components/VoiceButton.tsx","statementMap":{"0":{"start":{"line":27,"column":0},"end":{"line":27,"column":24}},"1":{"start":{"line":1,"column":0},"end":{"line":1,"column":41}},"2":{"start":{"line":13,"column":52},"end":{"line":18,"column":null}},"3":{"start":{"line":20,"column":51},"end":{"line":25,"column":null}},"4":{"start":{"line":34,"column":38},"end":{"line":34,"column":76}},"5":{"start":{"line":35,"column":19},"end":{"line":35,"column":47}},"6":{"start":{"line":36,"column":21},"end":{"line":36,"column":66}},"7":{"start":{"line":39,"column":20},"end":{"line":39,"column":51}},"8":{"start":{"line":40,"column":18},"end":{"line":40,"column":35}},"9":{"start":{"line":42,"column":2},"end":{"line":75,"column":null}},"10":{"start":{"line":43,"column":19},"end":{"line":43,"column":36}},"11":{"start":{"line":44,"column":4},"end":{"line":44,"column":23}},"12":{"start":{"line":44,"column":17},"end":{"line":44,"column":23}},"13":{"start":{"line":45,"column":16},"end":{"line":45,"column":39}},"14":{"start":{"line":46,"column":4},"end":{"line":46,"column":20}},"15":{"start":{"line":46,"column":14},"end":{"line":46,"column":20}},"16":{"start":{"line":48,"column":4},"end":{"line":52,"column":5}},"17":{"start":{"line":49,"column":6},"end":{"line":49,"column":null}},"18":{"start":{"line":50,"column":6},"end":{"line":50,"column":null}},"19":{"start":{"line":51,"column":6},"end":{"line":51,"column":12}},"20":{"start":{"line":54,"column":12},"end":{"line":54,"column":13}},"21":{"start":{"line":55,"column":17},"end":{"line":71,"column":5}},"22":{"start":{"line":56,"column":6},"end":{"line":56,"column":null}},"23":{"start":{"line":57,"column":19},"end":{"line":57,"column":21}},"24":{"start":{"line":58,"column":19},"end":{"line":58,"column":48}},"25":{"start":{"line":59,"column":6},"end":{"line":68,"column":7}},"26":{"start":{"line":59,"column":19},"end":{"line":59,"column":20}},"27":{"start":{"line":60,"column":20},"end":{"line":60,"column":67}},"28":{"start":{"line":61,"column":18},"end":{"line":61,"column":44}},"29":{"start":{"line":62,"column":18},"end":{"line":62,"column":35}},"30":{"start":{"line":63,"column":18},"end":{"line":63,"column":41}},"31":{"start":{"line":64,"column":8},"end":{"line":64,"column":null}},"32":{"start":{"line":65,"column":8},"end":{"line":65,"column":null}},"33":{"start":{"line":66,"column":8},"end":{"line":66,"column":null}},"34":{"start":{"line":67,"column":8},"end":{"line":67,"column":null}},"35":{"start":{"line":69,"column":6},"end":{"line":69,"column":null}},"36":{"start":{"line":70,"column":6},"end":{"line":70,"column":null}},"37":{"start":{"line":73,"column":4},"end":{"line":73,"column":null}},"38":{"start":{"line":74,"column":4},"end":{"line":74,"column":null}},"39":{"start":{"line":74,"column":17},"end":{"line":74,"column":54}},"40":{"start":{"line":77,"column":2},"end":{"line":121,"column":null}}},"fnMap":{"0":{"name":"VoiceButton","decl":{"start":{"line":27,"column":24},"end":{"line":27,"column":35}},"loc":{"start":{"line":33,"column":19},"end":{"line":122,"column":1}}},"1":{"name":"(anonymous_1)","decl":{"start":{"line":42,"column":12},"end":{"line":42,"column":15}},"loc":{"start":{"line":42,"column":17},"end":{"line":75,"column":3}}},"2":{"name":"(anonymous_2)","decl":{"start":{"line":55,"column":17},"end":{"line":55,"column":20}},"loc":{"start":{"line":55,"column":22},"end":{"line":71,"column":5}}},"3":{"name":"(anonymous_3)","decl":{"start":{"line":74,"column":11},"end":{"line":74,"column":14}},"loc":{"start":{"line":74,"column":17},"end":{"line":74,"column":54}}}},"branchMap":{"0":{"loc":{"start":{"line":34,"column":38},"end":{"line":34,"column":76}},"type":"cond-expr","locations":[{"start":{"line":34,"column":56},"end":{"line":34,"column":68}},{"start":{"line":34,"column":71},"end":{"line":34,"column":76}}]},"1":{"loc":{"start":{"line":36,"column":21},"end":{"line":36,"column":66}},"type":"binary-expr","locations":[{"start":{"line":36,"column":21},"end":{"line":36,"column":33}},{"start":{"line":36,"column":37},"end":{"line":36,"column":66}}]},"2":{"loc":{"start":{"line":44,"column":4},"end":{"line":44,"column":23}},"type":"if","locations":[{"start":{"line":44,"column":4},"end":{"line":44,"column":23}},{"start":{},"end":{}}]},"3":{"loc":{"start":{"line":46,"column":4},"end":{"line":46,"column":20}},"type":"if","locations":[{"start":{"line":46,"column":4},"end":{"line":46,"column":20}},{"start":{},"end":{}}]},"4":{"loc":{"start":{"line":48,"column":4},"end":{"line":52,"column":5}},"type":"if","locations":[{"start":{"line":48,"column":4},"end":{"line":52,"column":5}},{"start":{},"end":{}}]},"5":{"loc":{"start":{"line":86,"column":26},"end":{"line":86,"column":42}},"type":"cond-expr","locations":[{"start":{"line":86,"column":37},"end":{"line":86,"column":38}},{"start":{"line":86,"column":41},"end":{"line":86,"column":42}}]},"6":{"loc":{"start":{"line":99,"column":11},"end":{"line":101,"column":39}},"type":"cond-expr","locations":[{"start":{"line":100,"column":14},"end":{"line":100,"column":48}},{"start":{"line":101,"column":14},"end":{"line":101,"column":39}}]},"7":{"loc":{"start":{"line":107,"column":7},"end":{"line":110,"column":null}},"type":"binary-expr","locations":[{"start":{"line":107,"column":7},"end":{"line":107,"column":18}},{"start":{"line":108,"column":8},"end":{"line":109,"column":null}}]},"8":{"loc":{"start":{"line":114,"column":7},"end":{"line":118,"column":null}},"type":"binary-expr","locations":[{"start":{"line":114,"column":7},"end":{"line":114,"column":19}},{"start":{"line":115,"column":8},"end":{"line":115,"column":null}}]}},"s":{"0":1,"1":1,"2":1,"3":1,"4":6,"5":6,"6":6,"7":6,"8":6,"9":6,"10":6,"11":6,"12":0,"13":6,"14":6,"15":6,"16":0,"17":0,"18":0,"19":0,"20":0,"21":0,"22":0,"23":0,"24":0,"25":0,"26":0,"27":0,"28":0,"29":0,"30":0,"31":0,"32":0,"33":0,"34":0,"35":0,"36":0,"37":0,"38":0,"39":0,"40":6},"f":{"0":6,"1":6,"2":0,"3":0},"b":{"0":[1,5],"1":[6,5],"2":[0,6],"3":[6,0],"4":[0,0],"5":[1,5],"6":[1,5],"7":[6,1],"8":[6,1]}}
,"/home/runner/work/MediLink/MediLink/PollySOA/MediLink/frontend/src/context/AuthContext.tsx": {"path":"/home/runner/work/MediLink/MediLink/PollySOA/MediLink/frontend/src/context/AuthContext.tsx","statementMap":{"0":{"start":{"line":13,"column":0},"end":{"line":13,"column":16}},"1":{"start":{"line":34,"column":0},"end":{"line":34,"column":16}},"2":{"start":{"line":1,"column":0},"end":{"line":1,"column":70}},"3":{"start":{"line":11,"column":20},"end":{"line":11,"column":64}},"4":{"start":{"line":14,"column":26},"end":{"line":14,"column":53}},"5":{"start":{"line":15,"column":28},"end":{"line":15,"column":57}},"6":{"start":{"line":18,"column":4},"end":{"line":18,"column":null}},"7":{"start":{"line":19,"column":4},"end":{"line":19,"column":null}},"8":{"start":{"line":23,"column":4},"end":{"line":23,"column":null}},"9":{"start":{"line":24,"column":4},"end":{"line":24,"column":null}},"10":{"start":{"line":27,"column":2},"end":{"line":31,"column":null}},"11":{"start":{"line":35,"column":14},"end":{"line":35,"column":37}},"12":{"start":{"line":36,"column":2},"end":{"line":36,"column":null}},"13":{"start":{"line":36,"column":12},"end":{"line":36,"column":null}},"14":{"start":{"line":37,"column":2},"end":{"line":37,"column":null}}},"fnMap":{"0":{"name":"AuthProvider","decl":{"start":{"line":13,"column":16},"end":{"line":13,"column":28}},"loc":{"start":{"line":13,"column":66},"end":{"line":32,"column":1}}},"1":{"name":"login","decl":{"start":{"line":17,"column":11},"end":{"line":17,"column":16}},"loc":{"start":{"line":17,"column":35},"end":{"line":20,"column":3}}},"2":{"name":"logout","decl":{"start":{"line":22,"column":11},"end":{"line":22,"column":17}},"loc":{"start":{"line":22,"column":17},"end":{"line":25,"column":3}}},"3":{"name":"useAuth","decl":{"start":{"line":34,"column":16},"end":{"line":34,"column":23}},"loc":{"start":{"line":34,"column":23},"end":{"line":38,"column":1}}}},"branchMap":{"0":{"loc":{"start":{"line":36,"column":2},"end":{"line":36,"column":null}},"type":"if","locations":[{"start":{"line":36,"column":2},"end":{"line":36,"column":null}},{"start":{},"end":{}}]}},"s":{"0":1,"1":1,"2":1,"3":1,"4":0,"5":0,"6":0,"7":0,"8":0,"9":0,"10":0,"11":0,"12":0,"13":0,"14":0},"f":{"0":0,"1":0,"2":0,"3":0},"b":{"0":[0,0]}}
,"/home/runner/work/MediLink/MediLink/PollySOA/MediLink/frontend/src/hooks/useVoiceRecorder.ts": {"path":"/home/runner/work/MediLink/MediLink/PollySOA/MediLink/frontend/src/hooks/useVoiceRecorder.ts","statementMap":{"0":{"start":{"line":74,"column":0},"end":{"line":74,"column":16}},"1":{"start":{"line":1,"column":0},"end":{"line":1,"column":64}},"2":{"start":{"line":60,"column":2},"end":{"line":64,"column":10}},"3":{"start":{"line":67,"column":2},"end":{"line":71,"column":null}},"4":{"start":{"line":78,"column":28},"end":{"line":78,"column":59}},"5":{"start":{"line":79,"column":34},"end":{"line":79,"column":63}},"6":{"start":{"line":80,"column":40},"end":{"line":80,"column":52}},"7":{"start":{"line":82,"column":19},"end":{"line":82,"column":58}},"8":{"start":{"line":83,"column":26},"end":{"line":83,"column":46}},"9":{"start":{"line":84,"column":2},"end":{"line":84,"column":null}},"10":{"start":{"line":86,"column":22},"end":{"line":86,"column":51}},"11":{"start":{"line":88,"column":15},"end":{"line":93,"column":8}},"12":{"start":{"line":89,"column":4},"end":{"line":89,"column":null}},"13":{"start":{"line":90,"column":4},"end":{"line":90,"column":null}},"14":{"start":{"line":91,"column":4},"end":{"line":91,"column":null}},"15":{"start":{"line":92,"column":4},"end":{"line":92,"column":null}},"16":{"start":{"line":95,"column":16},"end":{"line":160,"column":32}},"17":{"start":{"line":96,"column":4},"end":{"line":100,"column":5}},"18":{"start":{"line":97,"column":6},"end":{"line":97,"column":null}},"19":{"start":{"line":98,"column":6},"end":{"line":98,"column":null}},"20":{"start":{"line":99,"column":6},"end":{"line":99,"column":12}},"21":{"start":{"line":101,"column":4},"end":{"line":101,"column":37}},"22":{"start":{"line":101,"column":31},"end":{"line":101,"column":37}},"23":{"start":{"line":103,"column":4},"end":{"line":103,"column":null}},"24":{"start":{"line":104,"column":4},"end":{"line":104,"column":null}},"25":{"start":{"line":106,"column":18},"end":{"line":106,"column":44}},"26":{"start":{"line":107,"column":4},"end":{"line":107,"column":null}},"27":{"start":{"line":108,"column":4},"end":{"line":108,"column":null}},"28":{"start":{"line":109,"column":4},"end":{"line":109,"column":null}},"29":{"start":{"line":110,"column":4},"end":{"line":110,"column":null}},"30":{"start":{"line":112,"column":4},"end":{"line":112,"column":null}},"31":{"start":{"line":112,"column":26},"end":{"line":112,"column":47}},"32":{"start":{"line":114,"column":4},"end":{"line":138,"column":null}},"33":{"start":{"line":115,"column":20},"end":{"line":115,"column":22}},"34":{"start":{"line":116,"column":18},"end":{"line":116,"column":20}},"35":{"start":{"line":117,"column":6},"end":{"line":124,"column":7}},"36":{"start":{"line":117,"column":19},"end":{"line":117,"column":36}},"37":{"start":{"line":118,"column":27},"end":{"line":118,"column":57}},"38":{"start":{"line":119,"column":8},"end":{"line":123,"column":9}},"39":{"start":{"line":120,"column":10},"end":{"line":120,"column":null}},"40":{"start":{"line":122,"column":10},"end":{"line":122,"column":null}},"41":{"start":{"line":125,"column":6},"end":{"line":125,"column":null}},"42":{"start":{"line":126,"column":6},"end":{"line":137,"column":7}},"43":{"start":{"line":127,"column":29},"end":{"line":127,"column":51}},"44":{"start":{"line":128,"column":8},"end":{"line":133,"column":9}},"45":{"start":{"line":129,"column":10},"end":{"line":129,"column":null}},"46":{"start":{"line":130,"column":10},"end":{"line":130,"column":null}},"47":{"start":{"line":131,"column":10},"end":{"line":131,"column":null}},"48":{"start":{"line":132,"column":10},"end":{"line":132,"column":16}},"49":{"start":{"line":134,"column":8},"end":{"line":134,"column":null}},"50":{"start":{"line":135,"column":8},"end":{"line":135,"column":null}},"51":{"start":{"line":136,"column":8},"end":{"line":136,"column":null}},"52":{"start":{"line":140,"column":4},"end":{"line":150,"column":null}},"53":{"start":{"line":141,"column":42},"end":{"line":146,"column":null}},"54":{"start":{"line":147,"column":6},"end":{"line":147,"column":null}},"55":{"start":{"line":148,"column":6},"end":{"line":148,"column":null}},"56":{"start":{"line":149,"column":6},"end":{"line":149,"column":null}},"57":{"start":{"line":152,"column":4},"end":{"line":156,"column":null}},"58":{"start":{"line":153,"column":6},"end":{"line":153,"column":null}},"59":{"start":{"line":153,"column":34},"end":{"line":153,"column":null}},"60":{"start":{"line":154,"column":6},"end":{"line":154,"column":null}},"61":{"start":{"line":155,"column":6},"end":{"line":155,"column":null}},"62":{"start":{"line":158,"column":4},"end":{"line":158,"column":null}},"63":{"start":{"line":159,"column":4},"end":{"line":159,"column":null}},"64":{"start":{"line":162,"column":17},"end":{"line":168,"column":26}},"65":{"start":{"line":163,"column":4},"end":{"line":167,"column":5}},"66":{"start":{"line":164,"column":6},"end":{"line":164,"column":null}},"67":{"start":{"line":165,"column":11},"end":{"line":167,"column":5}},"68":{"start":{"line":166,"column":6},"end":{"line":166,"column":null}},"69":{"start":{"line":171,"column":2},"end":{"line":175,"column":null}},"70":{"start":{"line":172,"column":4},"end":{"line":174,"column":null}},"71":{"start":{"line":173,"column":6},"end":{"line":173,"column":null}},"72":{"start":{"line":177,"column":2},"end":{"line":177,"column":null}}},"fnMap":{"0":{"name":"cleanTranscript","decl":{"start":{"line":66,"column":9},"end":{"line":66,"column":24}},"loc":{"start":{"line":66,"column":37},"end":{"line":72,"column":1}}},"1":{"name":"useVoiceRecorder","decl":{"start":{"line":74,"column":16},"end":{"line":74,"column":32}},"loc":{"start":{"line":77,"column":26},"end":{"line":178,"column":1}}},"2":{"name":"(anonymous_2)","decl":{"start":{"line":88,"column":27},"end":{"line":88,"column":30}},"loc":{"start":{"line":88,"column":32},"end":{"line":93,"column":3}}},"3":{"name":"(anonymous_3)","decl":{"start":{"line":95,"column":28},"end":{"line":95,"column":31}},"loc":{"start":{"line":95,"column":33},"end":{"line":160,"column":3}}},"4":{"name":"(anonymous_4)","decl":{"start":{"line":112,"column":20},"end":{"line":112,"column":23}},"loc":{"start":{"line":112,"column":26},"end":{"line":112,"column":47}}},"5":{"name":"(anonymous_5)","decl":{"start":{"line":114,"column":21},"end":{"line":114,"column":22}},"loc":{"start":{"line":114,"column":56},"end":{"line":138,"column":5}}},"6":{"name":"(anonymous_6)","decl":{"start":{"line":140,"column":20},"end":{"line":140,"column":21}},"loc":{"start":{"line":140,"column":60},"end":{"line":150,"column":5}}},"7":{"name":"(anonymous_7)","decl":{"start":{"line":152,"column":18},"end":{"line":152,"column":21}},"loc":{"start":{"line":152,"column":23},"end":{"line":156,"column":5}}},"8":{"name":"(anonymous_8)","decl":{"start":{"line":162,"column":29},"end":{"line":162,"column":32}},"loc":{"start":{"line":162,"column":34},"end":{"line":168,"column":3}}},"9":{"name":"(anonymous_9)","decl":{"start":{"line":171,"column":12},"end":{"line":171,"column":15}},"loc":{"start":{"line":171,"column":17},"end":{"line":175,"column":3}}},"10":{"name":"(anonymous_10)","decl":{"start":{"line":172,"column":11},"end":{"line":172,"column":14}},"loc":{"start":{"line":172,"column":16},"end":{"line":174,"column":5}}}},"branchMap":{"0":{"loc":{"start":{"line":60,"column":2},"end":{"line":64,"column":10}},"type":"cond-expr","locations":[{"start":{"line":61,"column":6},"end":{"line":61,"column":10}},{"start":{"line":62,"column":8},"end":{"line":64,"column":10}}]},"1":{"loc":{"start":{"line":62,"column":8},"end":{"line":64,"column":10}},"type":"binary-expr","locations":[{"start":{"line":62,"column":8},"end":{"line":62,"column":120}},{"start":{"line":63,"column":8},"end":{"line":63,"column":126}},{"start":{"line":64,"column":6},"end":{"line":64,"column":10}}]},"2":{"loc":{"start":{"line":76,"column":2},"end":{"line":76,"column":16}},"type":"default-arg","locations":[{"start":{"line":76,"column":9},"end":{"line":76,"column":16}}]},"3":{"loc":{"start":{"line":96,"column":4},"end":{"line":100,"column":5}},"type":"if","locations":[{"start":{"line":96,"column":4},"end":{"line":100,"column":5}},{"start":{},"end":{}}]},"4":{"loc":{"start":{"line":101,"column":4},"end":{"line":101,"column":37}},"type":"if","locations":[{"start":{"line":101,"column":4},"end":{"line":101,"column":37}},{"start":{},"end":{}}]},"5":{"loc":{"start":{"line":119,"column":8},"end":{"line":123,"column":9}},"type":"if","locations":[{"start":{"line":119,"column":8},"end":{"line":123,"column":9}},{"start":{"line":121,"column":15},"end":{"line":123,"column":9}}]},"6":{"loc":{"start":{"line":125,"column":37},"end":{"line":125,"column":53}},"type":"binary-expr","locations":[{"start":{"line":125,"column":37},"end":{"line":125,"column":44}},{"start":{"line":125,"column":48},"end":{"line":125,"column":53}}]},"7":{"loc":{"start":{"line":126,"column":6},"end":{"line":137,"column":7}},"type":"if","locations":[{"start":{"line":126,"column":6},"end":{"line":137,"column":7}},{"start":{},"end":{}}]},"8":{"loc":{"start":{"line":128,"column":8},"end":{"line":133,"column":9}},"type":"if","locations":[{"start":{"line":128,"column":8},"end":{"line":133,"column":9}},{"start":{},"end":{}}]},"9":{"loc":{"start":{"line":147,"column":18},"end":{"line":147,"column":94}},"type":"binary-expr","locations":[{"start":{"line":147,"column":18},"end":{"line":147,"column":34}},{"start":{"line":147,"column":38},"end":{"line":147,"column":94}}]},"10":{"loc":{"start":{"line":153,"column":6},"end":{"line":153,"column":null}},"type":"if","locations":[{"start":{"line":153,"column":6},"end":{"line":153,"column":null}},{"start":{},"end":{}}]},"11":{"loc":{"start":{"line":163,"column":4},"end":{"line":167,"column":5}},"type":"if","locations":[{"start":{"line":163,"column":4},"end":{"line":167,"column":5}},{"start":{"line":165,"column":11},"end":{"line":167,"column":5}}]},"12":{"loc":{"start":{"line":165,"column":11},"end":{"line":167,"column":5}},"type":"if","locations":[{"start":{"line":165,"column":11},"end":{"line":167,"column":5}},{"start":{},"end":{}}]},"13":{"loc":{"start":{"line":165,"column":15},"end":{"line":165,"column":52}},"type":"binary-expr","locations":[{"start":{"line":165,"column":15},"end":{"line":165,"column":31}},{"start":{"line":165,"column":35},"end":{"line":165,"column":52}}]}},"s":{"0":1,"1":1,"2":1,"3":0,"4":0,"5":0,"6":0,"7":0,"8":0,"9":0,"10":0,"11":0,"12":0,"13":0,"14":0,"15":0,"16":0,"17":0,"18":0,"19":0,"20":0,"21":0,"22":0,"23":0,"24":0,"25":0,"26":0,"27":0,"28":0,"29":0,"30":0,"31":0,"32":0,"33":0,"34":0,"35":0,"36":0,"37":0,"38":0,"39":0,"40":0,"41":0,"42":0,"43":0,"44":0,"45":0,"46":0,"47":0,"48":0,"49":0,"50":0,"51":0,"52":0,"53":0,"54":0,"55":0,"56":0,"57":0,"58":0,"59":0,"60":0,"61":0,"62":0,"63":0,"64":0,"65":0,"66":0,"67":0,"68":0,"69":0,"70":0,"71":0,"72":0},"f":{"0":0,"1":0,"2":0,"3":0,"4":0,"5":0,"6":0,"7":0,"8":0,"9":0,"10":0},"b":{"0":[0,1],"1":[1,1,1],"2":[0],"3":[0,0],"4":[0,0],"5":[0,0],"6":[0,0],"7":[0,0],"8":[0,0],"9":[0,0],"10":[0,0],"11":[0,0],"12":[0,0],"13":[0,0]}}
,"/home/runner/work/MediLink/MediLink/PollySOA/MediLink/frontend/src/pages/DoctorDashboard.tsx": {"path":"/home/runner/work/MediLink/MediLink/PollySOA/MediLink/frontend/src/pages/DoctorDashboard.tsx","statementMap":{"0":{"start":{"line":13,"column":0},"end":{"line":13,"column":24}},"1":{"start":{"line":1,"column":0},"end":{"line":1,"column":43}},"2":{"start":{"line":2,"column":0},"end":{"line":2,"column":48}},"3":{"start":{"line":3,"column":0},"end":{"line":3,"column":75}},"4":{"start":{"line":14,"column":26},"end":{"line":14,"column":35}},"5":{"start":{"line":15,"column":34},"end":{"line":15,"column":66}},"6":{"start":{"line":16,"column":34},"end":{"line":16,"column":73}},"7":{"start":{"line":17,"column":38},"end":{"line":17,"column":50}},"8":{"start":{"line":18,"column":36},"end":{"line":18,"column":48}},"9":{"start":{"line":19,"column":48},"end":{"line":19,"column":86}},"10":{"start":{"line":20,"column":44},"end":{"line":20,"column":59}},"11":{"start":{"line":21,"column":40},"end":{"line":21,"column":52}},"12":{"start":{"line":22,"column":44},"end":{"line":22,"column":72}},"13":{"start":{"line":23,"column":36},"end":{"line":23,"column":81}},"14":{"start":{"line":24,"column":42},"end":{"line":24,"column":57}},"15":{"start":{"line":25,"column":42},"end":{"line":25,"column":57}},"16":{"start":{"line":26,"column":46},"end":{"line":26,"column":90}},"17":{"start":{"line":27,"column":38},"end":{"line":27,"column":50}},"18":{"start":{"line":28,"column":38},"end":{"line":28,"column":111}},"19":{"start":{"line":29,"column":44},"end":{"line":29,"column":59}},"20":{"start":{"line":30,"column":40},"end":{"line":30,"column":52}},"21":{"start":{"line":31,"column":38},"end":{"line":31,"column":67}},"22":{"start":{"line":32,"column":36},"end":{"line":32,"column":65}},"23":{"start":{"line":33,"column":44},"end":{"line":33,"column":59}},"24":{"start":{"line":34,"column":40},"end":{"line":34,"column":52}},"25":{"start":{"line":35,"column":48},"end":{"line":35,"column":77}},"26":{"start":{"line":36,"column":46},"end":{"line":36,"column":60}},"27":{"start":{"line":37,"column":26},"end":{"line":37,"column":94}},"28":{"start":{"line":39,"column":2},"end":{"line":43,"column":null}},"29":{"start":{"line":40,"column":4},"end":{"line":42,"column":5}},"30":{"start":{"line":41,"column":6},"end":{"line":41,"column":null}},"31":{"start":{"line":46,"column":4},"end":{"line":46,"column":null}},"32":{"start":{"line":47,"column":4},"end":{"line":56,"column":5}},"33":{"start":{"line":48,"column":19},"end":{"line":48,"column":66}},"34":{"start":{"line":49,"column":6},"end":{"line":49,"column":null}},"35":{"start":{"line":50,"column":6},"end":{"line":50,"column":null}},"36":{"start":{"line":51,"column":6},"end":{"line":51,"column":null}},"37":{"start":{"line":53,"column":6},"end":{"line":53,"column":null}},"38":{"start":{"line":55,"column":6},"end":{"line":55,"column":null}},"39":{"start":{"line":60,"column":4},"end":{"line":60,"column":null}},"40":{"start":{"line":61,"column":4},"end":{"line":64,"column":5}},"41":{"start":{"line":62,"column":6},"end":{"line":62,"column":null}},"42":{"start":{"line":63,"column":6},"end":{"line":63,"column":12}},"43":{"start":{"line":66,"column":4},"end":{"line":66,"column":null}},"44":{"start":{"line":67,"column":4},"end":{"line":84,"column":5}},"45":{"start":{"line":68,"column":26},"end":{"line":68,"column":47}},"46":{"start":{"line":69,"column":21},"end":{"line":76,"column":null}},"47":{"start":{"line":78,"column":6},"end":{"line":78,"column":null}},"48":{"start":{"line":79,"column":6},"end":{"line":79,"column":null}},"49":{"start":{"line":81,"column":6},"end":{"line":81,"column":null}},"50":{"start":{"line":83,"column":6},"end":{"line":83,"column":null}},"51":{"start":{"line":88,"column":4},"end":{"line":88,"column":null}},"52":{"start":{"line":89,"column":4},"end":{"line":89,"column":null}},"53":{"start":{"line":90,"column":4},"end":{"line":90,"column":null}},"54":{"start":{"line":91,"column":4},"end":{"line":91,"column":null}},"55":{"start":{"line":92,"column":4},"end":{"line":92,"column":null}},"56":{"start":{"line":93,"column":4},"end":{"line":93,"column":null}},"57":{"start":{"line":94,"column":4},"end":{"line":94,"column":null}},"58":{"start":{"line":95,"column":4},"end":{"line":95,"column":null}},"59":{"start":{"line":96,"column":4},"end":{"line":96,"column":null}},"60":{"start":{"line":97,"column":4},"end":{"line":97,"column":null}},"61":{"start":{"line":98,"column":4},"end":{"line":98,"column":null}},"62":{"start":{"line":99,"column":4},"end":{"line":99,"column":null}},"63":{"start":{"line":101,"column":4},"end":{"line":115,"column":5}},"64":{"start":{"line":103,"column":6},"end":{"line":113,"column":null}},"65":{"start":{"line":107,"column":8},"end":{"line":107,"column":null}},"66":{"start":{"line":108,"column":8},"end":{"line":108,"column":null}},"67":{"start":{"line":110,"column":8},"end":{"line":110,"column":null}},"68":{"start":{"line":111,"column":8},"end":{"line":111,"column":null}},"69":{"start":{"line":112,"column":8},"end":{"line":112,"column":null}},"70":{"start":{"line":114,"column":6},"end":{"line":114,"column":12}},"71":{"start":{"line":117,"column":4},"end":{"line":117,"column":null}},"72":{"start":{"line":121,"column":4},"end":{"line":121,"column":null}},"73":{"start":{"line":122,"column":4},"end":{"line":122,"column":null}},"74":{"start":{"line":126,"column":4},"end":{"line":126,"column":25}},"75":{"start":{"line":126,"column":19},"end":{"line":126,"column":25}},"76":{"start":{"line":127,"column":4},"end":{"line":127,"column":null}},"77":{"start":{"line":128,"column":4},"end":{"line":128,"column":null}},"78":{"start":{"line":129,"column":4},"end":{"line":129,"column":null}},"79":{"start":{"line":130,"column":4},"end":{"line":139,"column":5}},"80":{"start":{"line":131,"column":23},"end":{"line":131,"column":94}},"81":{"start":{"line":132,"column":6},"end":{"line":132,"column":null}},"82":{"start":{"line":133,"column":6},"end":{"line":133,"column":null}},"83":{"start":{"line":135,"column":6},"end":{"line":135,"column":null}},"84":{"start":{"line":136,"column":6},"end":{"line":136,"column":null}},"85":{"start":{"line":138,"column":6},"end":{"line":138,"column":null}},"86":{"start":{"line":143,"column":4},"end":{"line":143,"column":26}},"87":{"start":{"line":143,"column":20},"end":{"line":143,"column":26}},"88":{"start":{"line":144,"column":4},"end":{"line":149,"column":5}},"89":{"start":{"line":145,"column":6},"end":{"line":145,"column":null}},"90":{"start":{"line":146,"column":6},"end":{"line":146,"column":null}},"91":{"start":{"line":148,"column":6},"end":{"line":148,"column":null}},"92":{"start":{"line":153,"column":4},"end":{"line":153,"column":60}},"93":{"start":{"line":153,"column":54},"end":{"line":153,"column":60}},"94":{"start":{"line":154,"column":4},"end":{"line":154,"column":null}},"95":{"start":{"line":155,"column":4},"end":{"line":155,"column":null}},"96":{"start":{"line":156,"column":4},"end":{"line":163,"column":5}},"97":{"start":{"line":157,"column":16},"end":{"line":157,"column":129}},"98":{"start":{"line":158,"column":6},"end":{"line":158,"column":null}},"99":{"start":{"line":160,"column":6},"end":{"line":160,"column":null}},"100":{"start":{"line":162,"column":6},"end":{"line":162,"column":null}},"101":{"start":{"line":167,"column":4},"end":{"line":167,"column":70}},"102":{"start":{"line":167,"column":64},"end":{"line":167,"column":70}},"103":{"start":{"line":168,"column":4},"end":{"line":168,"column":null}},"104":{"start":{"line":169,"column":4},"end":{"line":176,"column":5}},"105":{"start":{"line":170,"column":17},"end":{"line":170,"column":136}},"106":{"start":{"line":171,"column":6},"end":{"line":171,"column":null}},"107":{"start":{"line":171,"column":31},"end":{"line":171,"column":44}},"108":{"start":{"line":172,"column":6},"end":{"line":172,"column":null}},"109":{"start":{"line":173,"column":6},"end":{"line":173,"column":null}},"110":{"start":{"line":175,"column":6},"end":{"line":175,"column":null}},"111":{"start":{"line":179,"column":60},"end":{"line":183,"column":null}},"112":{"start":{"line":185,"column":2},"end":{"line":438,"column":null}},"113":{"start":{"line":189,"column":10},"end":{"line":189,"column":30}},"114":{"start":{"line":189,"column":45},"end":{"line":189,"column":63}},"115":{"start":{"line":210,"column":31},"end":{"line":210,"column":60}},"116":{"start":{"line":217,"column":65},"end":{"line":217,"column":83}},"117":{"start":{"line":217,"column":84},"end":{"line":217,"column":108}},"118":{"start":{"line":241,"column":12},"end":{"line":241,"column":28}},"119":{"start":{"line":242,"column":29},"end":{"line":242,"column":45}},"120":{"start":{"line":256,"column":39},"end":{"line":256,"column":53}},"121":{"start":{"line":259,"column":70},"end":{"line":259,"column":90}},"122":{"start":{"line":259,"column":91},"end":{"line":259,"column":120}},"123":{"start":{"line":284,"column":18},"end":{"line":284,"column":36}},"124":{"start":{"line":314,"column":37},"end":{"line":314,"column":66}},"125":{"start":{"line":320,"column":60},"end":{"line":320,"column":88}},"126":{"start":{"line":331,"column":37},"end":{"line":331,"column":133}},"127":{"start":{"line":332,"column":34},"end":{"line":332,"column":61}},"128":{"start":{"line":332,"column":63},"end":{"line":332,"column":null}},"129":{"start":{"line":333,"column":24},"end":{"line":333,"column":89}},"130":{"start":{"line":333,"column":90},"end":{"line":333,"column":null}},"131":{"start":{"line":369,"column":78},"end":{"line":369,"column":90}},"132":{"start":{"line":395,"column":106},"end":{"line":395,"column":163}},"133":{"start":{"line":395,"column":125},"end":{"line":395,"column":161}},"134":{"start":{"line":396,"column":96},"end":{"line":396,"column":149}},"135":{"start":{"line":396,"column":115},"end":{"line":396,"column":147}},"136":{"start":{"line":397,"column":104},"end":{"line":397,"column":160}},"137":{"start":{"line":397,"column":123},"end":{"line":397,"column":158}},"138":{"start":{"line":398,"column":101},"end":{"line":398,"column":156}},"139":{"start":{"line":398,"column":120},"end":{"line":398,"column":154}},"140":{"start":{"line":402,"column":89},"end":{"line":402,"column":148}},"141":{"start":{"line":402,"column":108},"end":{"line":402,"column":146}},"142":{"start":{"line":417,"column":22},"end":{"line":417,"column":39}}},"fnMap":{"0":{"name":"DoctorDashboard","decl":{"start":{"line":13,"column":24},"end":{"line":13,"column":39}},"loc":{"start":{"line":13,"column":88},"end":{"line":439,"column":1}}},"1":{"name":"(anonymous_1)","decl":{"start":{"line":39,"column":12},"end":{"line":39,"column":15}},"loc":{"start":{"line":39,"column":17},"end":{"line":43,"column":3}}},"2":{"name":"reloadMyPatients","decl":{"start":{"line":45,"column":17},"end":{"line":45,"column":33}},"loc":{"start":{"line":45,"column":33},"end":{"line":57,"column":3}}},"3":{"name":"handleSearchPatients","decl":{"start":{"line":59,"column":17},"end":{"line":59,"column":37}},"loc":{"start":{"line":59,"column":37},"end":{"line":85,"column":3}}},"4":{"name":"selectPatient","decl":{"start":{"line":87,"column":11},"end":{"line":87,"column":24}},"loc":{"start":{"line":87,"column":44},"end":{"line":118,"column":3}}},"5":{"name":"(anonymous_5)","decl":{"start":{"line":106,"column":14},"end":{"line":106,"column":15}},"loc":{"start":{"line":106,"column":52},"end":{"line":109,"column":7}}},"6":{"name":"(anonymous_6)","decl":{"start":{"line":109,"column":15},"end":{"line":109,"column":16}},"loc":{"start":{"line":109,"column":30},"end":{"line":113,"column":7}}},"7":{"name":"handleQuickClinicalAction","decl":{"start":{"line":120,"column":11},"end":{"line":120,"column":36}},"loc":{"start":{"line":120,"column":56},"end":{"line":123,"column":3}}},"8":{"name":"handleCreateIdoniaLink","decl":{"start":{"line":125,"column":17},"end":{"line":125,"column":39}},"loc":{"start":{"line":125,"column":39},"end":{"line":140,"column":3}}},"9":{"name":"handleCopyIdoniaPin","decl":{"start":{"line":142,"column":17},"end":{"line":142,"column":36}},"loc":{"start":{"line":142,"column":36},"end":{"line":150,"column":3}}},"10":{"name":"handleProcessReport","decl":{"start":{"line":152,"column":17},"end":{"line":152,"column":36}},"loc":{"start":{"line":152,"column":36},"end":{"line":164,"column":3}}},"11":{"name":"handlePrescribe","decl":{"start":{"line":166,"column":17},"end":{"line":166,"column":32}},"loc":{"start":{"line":166,"column":32},"end":{"line":177,"column":3}}},"12":{"name":"(anonymous_12)","decl":{"start":{"line":171,"column":23},"end":{"line":171,"column":27}},"loc":{"start":{"line":171,"column":31},"end":{"line":171,"column":44}}},"13":{"name":"(anonymous_13)","decl":{"start":{"line":188,"column":18},"end":{"line":188,"column":19}},"loc":{"start":{"line":189,"column":10},"end":{"line":189,"column":30}}},"14":{"name":"(anonymous_14)","decl":{"start":{"line":189,"column":39},"end":{"line":189,"column":42}},"loc":{"start":{"line":189,"column":45},"end":{"line":189,"column":63}}},"15":{"name":"(anonymous_15)","decl":{"start":{"line":210,"column":26},"end":{"line":210,"column":27}},"loc":{"start":{"line":210,"column":31},"end":{"line":210,"column":60}}},"16":{"name":"(anonymous_16)","decl":{"start":{"line":217,"column":57},"end":{"line":217,"column":60}},"loc":{"start":{"line":217,"column":62},"end":{"line":217,"column":109}}},"17":{"name":"(anonymous_17)","decl":{"start":{"line":240,"column":25},"end":{"line":240,"column":26}},"loc":{"start":{"line":241,"column":12},"end":{"line":241,"column":28}}},"18":{"name":"(anonymous_18)","decl":{"start":{"line":242,"column":23},"end":{"line":242,"column":26}},"loc":{"start":{"line":242,"column":29},"end":{"line":242,"column":45}}},"19":{"name":"(anonymous_19)","decl":{"start":{"line":256,"column":34},"end":{"line":256,"column":35}},"loc":{"start":{"line":256,"column":39},"end":{"line":256,"column":53}}},"20":{"name":"(anonymous_20)","decl":{"start":{"line":259,"column":61},"end":{"line":259,"column":62}},"loc":{"start":{"line":259,"column":67},"end":{"line":259,"column":121}}},"21":{"name":"(anonymous_21)","decl":{"start":{"line":283,"column":37},"end":{"line":283,"column":42}},"loc":{"start":{"line":284,"column":18},"end":{"line":284,"column":36}}},"22":{"name":"(anonymous_22)","decl":{"start":{"line":314,"column":32},"end":{"line":314,"column":33}},"loc":{"start":{"line":314,"column":37},"end":{"line":314,"column":66}}},"23":{"name":"(anonymous_23)","decl":{"start":{"line":320,"column":55},"end":{"line":320,"column":56}},"loc":{"start":{"line":320,"column":60},"end":{"line":320,"column":88}}},"24":{"name":"(anonymous_24)","decl":{"start":{"line":330,"column":65},"end":{"line":330,"column":68}},"loc":{"start":{"line":330,"column":70},"end":{"line":334,"column":23}}},"25":{"name":"(anonymous_25)","decl":{"start":{"line":369,"column":68},"end":{"line":369,"column":69}},"loc":{"start":{"line":369,"column":78},"end":{"line":369,"column":90}}},"26":{"name":"(anonymous_26)","decl":{"start":{"line":395,"column":101},"end":{"line":395,"column":102}},"loc":{"start":{"line":395,"column":106},"end":{"line":395,"column":163}}},"27":{"name":"(anonymous_27)","decl":{"start":{"line":395,"column":119},"end":{"line":395,"column":120}},"loc":{"start":{"line":395,"column":125},"end":{"line":395,"column":161}}},"28":{"name":"(anonymous_28)","decl":{"start":{"line":396,"column":91},"end":{"line":396,"column":92}},"loc":{"start":{"line":396,"column":96},"end":{"line":396,"column":149}}},"29":{"name":"(anonymous_29)","decl":{"start":{"line":396,"column":109},"end":{"line":396,"column":110}},"loc":{"start":{"line":396,"column":115},"end":{"line":396,"column":147}}},"30":{"name":"(anonymous_30)","decl":{"start":{"line":397,"column":99},"end":{"line":397,"column":100}},"loc":{"start":{"line":397,"column":104},"end":{"line":397,"column":160}}},"31":{"name":"(anonymous_31)","decl":{"start":{"line":397,"column":117},"end":{"line":397,"column":118}},"loc":{"start":{"line":397,"column":123},"end":{"line":397,"column":158}}},"32":{"name":"(anonymous_32)","decl":{"start":{"line":398,"column":96},"end":{"line":398,"column":97}},"loc":{"start":{"line":398,"column":101},"end":{"line":398,"column":156}}},"33":{"name":"(anonymous_33)","decl":{"start":{"line":398,"column":114},"end":{"line":398,"column":115}},"loc":{"start":{"line":398,"column":120},"end":{"line":398,"column":154}}},"34":{"name":"(anonymous_34)","decl":{"start":{"line":402,"column":84},"end":{"line":402,"column":85}},"loc":{"start":{"line":402,"column":89},"end":{"line":402,"column":148}}},"35":{"name":"(anonymous_35)","decl":{"start":{"line":402,"column":102},"end":{"line":402,"column":103}},"loc":{"start":{"line":402,"column":108},"end":{"line":402,"column":146}}},"36":{"name":"(anonymous_36)","decl":{"start":{"line":416,"column":39},"end":{"line":416,"column":41}},"loc":{"start":{"line":417,"column":22},"end":{"line":417,"column":39}}}},"branchMap":{"0":{"loc":{"start":{"line":37,"column":34},"end":{"line":37,"column":93}},"type":"binary-expr","locations":[{"start":{"line":37,"column":34},"end":{"line":37,"column":42}},{"start":{"line":37,"column":46},"end":{"line":37,"column":50}},{"start":{"line":37,"column":54},"end":{"line":37,"column":93}}]},"1":{"loc":{"start":{"line":40,"column":4},"end":{"line":42,"column":5}},"type":"if","locations":[{"start":{"line":40,"column":4},"end":{"line":42,"column":5}},{"start":{},"end":{}}]},"2":{"loc":{"start":{"line":48,"column":47},"end":{"line":48,"column":65}},"type":"binary-expr","locations":[{"start":{"line":48,"column":47},"end":{"line":48,"column":52}},{"start":{"line":48,"column":56},"end":{"line":48,"column":65}}]},"3":{"loc":{"start":{"line":61,"column":4},"end":{"line":64,"column":5}},"type":"if","locations":[{"start":{"line":61,"column":4},"end":{"line":64,"column":5}},{"start":{},"end":{}}]},"4":{"loc":{"start":{"line":71,"column":16},"end":{"line":71,"column":59}},"type":"cond-expr","locations":[{"start":{"line":71,"column":30},"end":{"line":71,"column":39}},{"start":{"line":71,"column":42},"end":{"line":71,"column":59}}]},"5":{"loc":{"start":{"line":72,"column":15},"end":{"line":72,"column":58}},"type":"cond-expr","locations":[{"start":{"line":72,"column":29},"end":{"line":72,"column":46}},{"start":{"line":72,"column":49},"end":{"line":72,"column":58}}]},"6":{"loc":{"start":{"line":76,"column":8},"end":{"line":76,"column":26}},"type":"binary-expr","locations":[{"start":{"line":76,"column":8},"end":{"line":76,"column":13}},{"start":{"line":76,"column":17},"end":{"line":76,"column":26}}]},"7":{"loc":{"start":{"line":101,"column":4},"end":{"line":115,"column":5}},"type":"if","locations":[{"start":{"line":101,"column":4},"end":{"line":115,"column":5}},{"start":{},"end":{}}]},"8":{"loc":{"start":{"line":104,"column":42},"end":{"line":104,"column":60}},"type":"binary-expr","locations":[{"start":{"line":104,"column":42},"end":{"line":104,"column":47}},{"start":{"line":104,"column":51},"end":{"line":104,"column":60}}]},"9":{"loc":{"start":{"line":105,"column":43},"end":{"line":105,"column":61}},"type":"binary-expr","locations":[{"start":{"line":105,"column":43},"end":{"line":105,"column":48}},{"start":{"line":105,"column":52},"end":{"line":105,"column":61}}]},"10":{"loc":{"start":{"line":126,"column":4},"end":{"line":126,"column":25}},"type":"if","locations":[{"start":{"line":126,"column":4},"end":{"line":126,"column":25}},{"start":{},"end":{}}]},"11":{"loc":{"start":{"line":131,"column":75},"end":{"line":131,"column":93}},"type":"binary-expr","locations":[{"start":{"line":131,"column":75},"end":{"line":131,"column":80}},{"start":{"line":131,"column":84},"end":{"line":131,"column":93}}]},"12":{"loc":{"start":{"line":133,"column":19},"end":{"line":133,"column":50}},"type":"binary-expr","locations":[{"start":{"line":133,"column":19},"end":{"line":133,"column":42}},{"start":{"line":133,"column":46},"end":{"line":133,"column":50}}]},"13":{"loc":{"start":{"line":143,"column":4},"end":{"line":143,"column":26}},"type":"if","locations":[{"start":{"line":143,"column":4},"end":{"line":143,"column":26}},{"start":{},"end":{}}]},"14":{"loc":{"start":{"line":153,"column":4},"end":{"line":153,"column":60}},"type":"if","locations":[{"start":{"line":153,"column":4},"end":{"line":153,"column":60}},{"start":{},"end":{}}]},"15":{"loc":{"start":{"line":153,"column":8},"end":{"line":153,"column":52}},"type":"binary-expr","locations":[{"start":{"line":153,"column":8},"end":{"line":153,"column":17}},{"start":{"line":153,"column":21},"end":{"line":153,"column":37}},{"start":{"line":153,"column":41},"end":{"line":153,"column":52}}]},"16":{"loc":{"start":{"line":157,"column":110},"end":{"line":157,"column":128}},"type":"binary-expr","locations":[{"start":{"line":157,"column":110},"end":{"line":157,"column":115}},{"start":{"line":157,"column":119},"end":{"line":157,"column":128}}]},"17":{"loc":{"start":{"line":167,"column":4},"end":{"line":167,"column":70}},"type":"if","locations":[{"start":{"line":167,"column":4},"end":{"line":167,"column":70}},{"start":{},"end":{}}]},"18":{"loc":{"start":{"line":167,"column":8},"end":{"line":167,"column":62}},"type":"binary-expr","locations":[{"start":{"line":167,"column":8},"end":{"line":167,"column":17}},{"start":{"line":167,"column":21},"end":{"line":167,"column":37}},{"start":{"line":167,"column":41},"end":{"line":167,"column":62}}]},"19":{"loc":{"start":{"line":170,"column":117},"end":{"line":170,"column":135}},"type":"binary-expr","locations":[{"start":{"line":170,"column":117},"end":{"line":170,"column":122}},{"start":{"line":170,"column":126},"end":{"line":170,"column":135}}]},"20":{"loc":{"start":{"line":190,"column":30},"end":{"line":190,"column":79}},"type":"cond-expr","locations":[{"start":{"line":190,"column":52},"end":{"line":190,"column":65}},{"start":{"line":190,"column":68},"end":{"line":190,"column":79}}]},"21":{"loc":{"start":{"line":196,"column":7},"end":{"line":293,"column":null}},"type":"binary-expr","locations":[{"start":{"line":196,"column":7},"end":{"line":196,"column":31}},{"start":{"line":197,"column":8},"end":{"line":292,"column":null}}]},"22":{"loc":{"start":{"line":198,"column":11},"end":{"line":291,"column":null}},"type":"cond-expr","locations":[{"start":{"line":199,"column":12},"end":{"line":201,"column":null}},{"start":{"line":204,"column":12},"end":{"line":290,"column":null}}]},"23":{"loc":{"start":{"line":215,"column":17},"end":{"line":215,"column":57}},"type":"cond-expr","locations":[{"start":{"line":215,"column":33},"end":{"line":215,"column":46}},{"start":{"line":215,"column":49},"end":{"line":215,"column":57}}]},"24":{"loc":{"start":{"line":221,"column":13},"end":{"line":224,"column":null}},"type":"binary-expr","locations":[{"start":{"line":221,"column":13},"end":{"line":221,"column":23}},{"start":{"line":222,"column":14},"end":{"line":223,"column":null}}]},"25":{"loc":{"start":{"line":226,"column":13},"end":{"line":226,"column":108}},"type":"binary-expr","locations":[{"start":{"line":226,"column":13},"end":{"line":226,"column":24}},{"start":{"line":226,"column":28},"end":{"line":226,"column":108}}]},"26":{"loc":{"start":{"line":229,"column":11},"end":{"line":264,"column":13}},"type":"cond-expr","locations":[{"start":{"line":230,"column":12},"end":{"line":237,"column":null}},{"start":{"line":240,"column":12},"end":{"line":264,"column":12}}]},"27":{"loc":{"start":{"line":229,"column":11},"end":{"line":229,"column":50}},"type":"binary-expr","locations":[{"start":{"line":229,"column":11},"end":{"line":229,"column":32}},{"start":{"line":229,"column":36},"end":{"line":229,"column":50}}]},"28":{"loc":{"start":{"line":234,"column":17},"end":{"line":236,"column":123}},"type":"cond-expr","locations":[{"start":{"line":235,"column":20},"end":{"line":235,"column":90}},{"start":{"line":236,"column":20},"end":{"line":236,"column":123}}]},"29":{"loc":{"start":{"line":241,"column":94},"end":{"line":241,"column":153}},"type":"cond-expr","locations":[{"start":{"line":241,"column":118},"end":{"line":241,"column":141}},{"start":{"line":241,"column":144},"end":{"line":241,"column":153}}]},"30":{"loc":{"start":{"line":250,"column":44},"end":{"line":250,"column":108}},"type":"cond-expr","locations":[{"start":{"line":250,"column":80},"end":{"line":250,"column":92}},{"start":{"line":250,"column":95},"end":{"line":250,"column":108}}]},"31":{"loc":{"start":{"line":251,"column":21},"end":{"line":251,"column":84}},"type":"cond-expr","locations":[{"start":{"line":251,"column":57},"end":{"line":251,"column":67}},{"start":{"line":251,"column":70},"end":{"line":251,"column":84}}]},"32":{"loc":{"start":{"line":265,"column":11},"end":{"line":289,"column":null}},"type":"binary-expr","locations":[{"start":{"line":265,"column":11},"end":{"line":265,"column":19}},{"start":{"line":265,"column":23},"end":{"line":265,"column":37}},{"start":{"line":266,"column":12},"end":{"line":288,"column":null}}]},"33":{"loc":{"start":{"line":274,"column":19},"end":{"line":274,"column":121}},"type":"cond-expr","locations":[{"start":{"line":274,"column":60},"end":{"line":274,"column":107}},{"start":{"line":274,"column":110},"end":{"line":274,"column":121}}]},"34":{"loc":{"start":{"line":278,"column":17},"end":{"line":280,"column":81}},"type":"cond-expr","locations":[{"start":{"line":279,"column":20},"end":{"line":279,"column":172}},{"start":{"line":280,"column":20},"end":{"line":280,"column":81}}]},"35":{"loc":{"start":{"line":279,"column":65},"end":{"line":279,"column":111}},"type":"cond-expr","locations":[{"start":{"line":279,"column":102},"end":{"line":279,"column":104}},{"start":{"line":279,"column":107},"end":{"line":279,"column":111}}]},"36":{"loc":{"start":{"line":279,"column":125},"end":{"line":279,"column":170}},"type":"cond-expr","locations":[{"start":{"line":279,"column":162},"end":{"line":279,"column":164}},{"start":{"line":279,"column":167},"end":{"line":279,"column":170}}]},"37":{"loc":{"start":{"line":285,"column":30},"end":{"line":285,"column":82}},"type":"binary-expr","locations":[{"start":{"line":285,"column":30},"end":{"line":285,"column":77}},{"start":{"line":285,"column":81},"end":{"line":285,"column":82}}]},"38":{"loc":{"start":{"line":296,"column":7},"end":{"line":379,"column":null}},"type":"binary-expr","locations":[{"start":{"line":296,"column":7},"end":{"line":296,"column":29}},{"start":{"line":297,"column":8},"end":{"line":378,"column":null}}]},"39":{"loc":{"start":{"line":298,"column":11},"end":{"line":298,"column":118}},"type":"binary-expr","locations":[{"start":{"line":298,"column":11},"end":{"line":298,"column":20}},{"start":{"line":298,"column":24},"end":{"line":298,"column":118}}]},"40":{"loc":{"start":{"line":299,"column":11},"end":{"line":377,"column":null}},"type":"binary-expr","locations":[{"start":{"line":299,"column":11},"end":{"line":299,"column":19}},{"start":{"line":300,"column":12},"end":{"line":376,"column":null}}]},"41":{"loc":{"start":{"line":303,"column":17},"end":{"line":306,"column":null}},"type":"binary-expr","locations":[{"start":{"line":303,"column":17},"end":{"line":303,"column":33}},{"start":{"line":304,"column":18},"end":{"line":304,"column":null}}]},"42":{"loc":{"start":{"line":323,"column":96},"end":{"line":323,"column":144}},"type":"binary-expr","locations":[{"start":{"line":323,"column":96},"end":{"line":323,"column":109}},{"start":{"line":323,"column":113},"end":{"line":323,"column":124}},{"start":{"line":323,"column":128},"end":{"line":323,"column":144}}]},"43":{"loc":{"start":{"line":324,"column":23},"end":{"line":324,"column":121}},"type":"cond-expr","locations":[{"start":{"line":324,"column":39},"end":{"line":324,"column":61}},{"start":{"line":324,"column":64},"end":{"line":324,"column":121}}]},"44":{"loc":{"start":{"line":324,"column":64},"end":{"line":324,"column":121}},"type":"cond-expr","locations":[{"start":{"line":324,"column":82},"end":{"line":324,"column":104}},{"start":{"line":324,"column":107},"end":{"line":324,"column":121}}]},"45":{"loc":{"start":{"line":327,"column":23},"end":{"line":327,"column":95}},"type":"cond-expr","locations":[{"start":{"line":327,"column":39},"end":{"line":327,"column":67}},{"start":{"line":327,"column":70},"end":{"line":327,"column":95}}]},"46":{"loc":{"start":{"line":329,"column":21},"end":{"line":334,"column":null}},"type":"binary-expr","locations":[{"start":{"line":329,"column":21},"end":{"line":329,"column":36}},{"start":{"line":330,"column":22},"end":{"line":334,"column":47}}]},"47":{"loc":{"start":{"line":337,"column":19},"end":{"line":337,"column":76}},"type":"binary-expr","locations":[{"start":{"line":337,"column":19},"end":{"line":337,"column":30}},{"start":{"line":337,"column":34},"end":{"line":337,"column":76}}]},"48":{"loc":{"start":{"line":338,"column":19},"end":{"line":338,"column":76}},"type":"binary-expr","locations":[{"start":{"line":338,"column":19},"end":{"line":338,"column":30}},{"start":{"line":338,"column":34},"end":{"line":338,"column":76}}]},"49":{"loc":{"start":{"line":339,"column":19},"end":{"line":342,"column":null}},"type":"binary-expr","locations":[{"start":{"line":339,"column":19},"end":{"line":339,"column":29}},{"start":{"line":340,"column":20},"end":{"line":341,"column":null}}]},"50":{"loc":{"start":{"line":344,"column":19},"end":{"line":355,"column":null}},"type":"binary-expr","locations":[{"start":{"line":344,"column":19},"end":{"line":344,"column":28}},{"start":{"line":345,"column":20},"end":{"line":354,"column":null}}]},"51":{"loc":{"start":{"line":354,"column":23},"end":{"line":354,"column":102}},"type":"cond-expr","locations":[{"start":{"line":354,"column":41},"end":{"line":354,"column":95}},{"start":{"line":354,"column":98},"end":{"line":354,"column":102}}]},"52":{"loc":{"start":{"line":360,"column":15},"end":{"line":375,"column":null}},"type":"binary-expr","locations":[{"start":{"line":360,"column":15},"end":{"line":360,"column":30}},{"start":{"line":361,"column":16},"end":{"line":374,"column":null}}]},"53":{"loc":{"start":{"line":364,"column":23},"end":{"line":364,"column":161}},"type":"cond-expr","locations":[{"start":{"line":364,"column":72},"end":{"line":364,"column":90}},{"start":{"line":364,"column":93},"end":{"line":364,"column":161}}]},"54":{"loc":{"start":{"line":364,"column":93},"end":{"line":364,"column":161}},"type":"cond-expr","locations":[{"start":{"line":364,"column":145},"end":{"line":364,"column":152}},{"start":{"line":364,"column":155},"end":{"line":364,"column":161}}]},"55":{"loc":{"start":{"line":367,"column":21},"end":{"line":370,"column":null}},"type":"binary-expr","locations":[{"start":{"line":367,"column":21},"end":{"line":367,"column":70}},{"start":{"line":368,"column":22},"end":{"line":369,"column":null}}]},"56":{"loc":{"start":{"line":382,"column":7},"end":{"line":435,"column":null}},"type":"binary-expr","locations":[{"start":{"line":382,"column":7},"end":{"line":382,"column":32}},{"start":{"line":383,"column":8},"end":{"line":434,"column":null}}]},"57":{"loc":{"start":{"line":384,"column":11},"end":{"line":384,"column":118}},"type":"binary-expr","locations":[{"start":{"line":384,"column":11},"end":{"line":384,"column":20}},{"start":{"line":384,"column":24},"end":{"line":384,"column":118}}]},"58":{"loc":{"start":{"line":385,"column":11},"end":{"line":433,"column":null}},"type":"binary-expr","locations":[{"start":{"line":385,"column":11},"end":{"line":385,"column":19}},{"start":{"line":386,"column":12},"end":{"line":432,"column":null}}]},"59":{"loc":{"start":{"line":389,"column":17},"end":{"line":392,"column":null}},"type":"binary-expr","locations":[{"start":{"line":389,"column":17},"end":{"line":389,"column":33}},{"start":{"line":390,"column":18},"end":{"line":390,"column":null}}]},"60":{"loc":{"start":{"line":395,"column":63},"end":{"line":395,"column":89}},"type":"binary-expr","locations":[{"start":{"line":395,"column":63},"end":{"line":395,"column":83}},{"start":{"line":395,"column":87},"end":{"line":395,"column":89}}]},"61":{"loc":{"start":{"line":396,"column":57},"end":{"line":396,"column":79}},"type":"binary-expr","locations":[{"start":{"line":396,"column":57},"end":{"line":396,"column":73}},{"start":{"line":396,"column":77},"end":{"line":396,"column":79}}]},"62":{"loc":{"start":{"line":397,"column":62},"end":{"line":397,"column":87}},"type":"binary-expr","locations":[{"start":{"line":397,"column":62},"end":{"line":397,"column":81}},{"start":{"line":397,"column":85},"end":{"line":397,"column":87}}]},"63":{"loc":{"start":{"line":398,"column":60},"end":{"line":398,"column":84}},"type":"binary-expr","locations":[{"start":{"line":398,"column":60},"end":{"line":398,"column":78}},{"start":{"line":398,"column":82},"end":{"line":398,"column":84}}]},"64":{"loc":{"start":{"line":402,"column":44},"end":{"line":402,"column":72}},"type":"binary-expr","locations":[{"start":{"line":402,"column":44},"end":{"line":402,"column":66}},{"start":{"line":402,"column":70},"end":{"line":402,"column":72}}]},"65":{"loc":{"start":{"line":405,"column":90},"end":{"line":405,"column":147}},"type":"binary-expr","locations":[{"start":{"line":405,"column":90},"end":{"line":405,"column":102}},{"start":{"line":405,"column":106},"end":{"line":405,"column":127}},{"start":{"line":405,"column":131},"end":{"line":405,"column":147}}]},"66":{"loc":{"start":{"line":406,"column":21},"end":{"line":406,"column":110}},"type":"cond-expr","locations":[{"start":{"line":406,"column":36},"end":{"line":406,"column":57}},{"start":{"line":406,"column":60},"end":{"line":406,"column":110}}]},"67":{"loc":{"start":{"line":406,"column":60},"end":{"line":406,"column":110}},"type":"cond-expr","locations":[{"start":{"line":406,"column":78},"end":{"line":406,"column":93}},{"start":{"line":406,"column":96},"end":{"line":406,"column":110}}]},"68":{"loc":{"start":{"line":409,"column":17},"end":{"line":409,"column":163}},"type":"binary-expr","locations":[{"start":{"line":409,"column":17},"end":{"line":409,"column":29}},{"start":{"line":409,"column":33},"end":{"line":409,"column":163}}]},"69":{"loc":{"start":{"line":412,"column":15},"end":{"line":431,"column":null}},"type":"binary-expr","locations":[{"start":{"line":412,"column":15},"end":{"line":412,"column":39}},{"start":{"line":413,"column":16},"end":{"line":430,"column":null}}]},"70":{"loc":{"start":{"line":423,"column":25},"end":{"line":426,"column":null}},"type":"binary-expr","locations":[{"start":{"line":423,"column":25},"end":{"line":423,"column":50}},{"start":{"line":424,"column":26},"end":{"line":425,"column":null}}]}},"s":{"0":0,"1":0,"2":0,"3":0,"4":0,"5":0,"6":0,"7":0,"8":0,"9":0,"10":0,"11":0,"12":0,"13":0,"14":0,"15":0,"16":0,"17":0,"18":0,"19":0,"20":0,"21":0,"22":0,"23":0,"24":0,"25":0,"26":0,"27":0,"28":0,"29":0,"30":0,"31":0,"32":0,"33":0,"34":0,"35":0,"36":0,"37":0,"38":0,"39":0,"40":0,"41":0,"42":0,"43":0,"44":0,"45":0,"46":0,"47":0,"48":0,"49":0,"50":0,"51":0,"52":0,"53":0,"54":0,"55":0,"56":0,"57":0,"58":0,"59":0,"60":0,"61":0,"62":0,"63":0,"64":0,"65":0,"66":0,"67":0,"68":0,"69":0,"70":0,"71":0,"72":0,"73":0,"74":0,"75":0,"76":0,"77":0,"78":0,"79":0,"80":0,"81":0,"82":0,"83":0,"84":0,"85":0,"86":0,"87":0,"88":0,"89":0,"90":0,"91":0,"92":0,"93":0,"94":0,"95":0,"96":0,"97":0,"98":0,"99":0,"100":0,"101":0,"102":0,"103":0,"104":0,"105":0,"106":0,"107":0,"108":0,"109":0,"110":0,"111":0,"112":0,"113":0,"114":0,"115":0,"116":0,"117":0,"118":0,"119":0,"120":0,"121":0,"122":0,"123":0,"124":0,"125":0,"126":0,"127":0,"128":0,"129":0,"130":0,"131":0,"132":0,"133":0,"134":0,"135":0,"136":0,"137":0,"138":0,"139":0,"140":0,"141":0,"142":0},"f":{"0":0,"1":0,"2":0,"3":0,"4":0,"5":0,"6":0,"7":0,"8":0,"9":0,"10":0,"11":0,"12":0,"13":0,"14":0,"15":0,"16":0,"17":0,"18":0,"19":0,"20":0,"21":0,"22":0,"23":0,"24":0,"25":0,"26":0,"27":0,"28":0,"29":0,"30":0,"31":0,"32":0,"33":0,"34":0,"35":0,"36":0},"b":{"0":[0,0,0],"1":[0,0],"2":[0,0],"3":[0,0],"4":[0,0],"5":[0,0],"6":[0,0],"7":[0,0],"8":[0,0],"9":[0,0],"10":[0,0],"11":[0,0],"12":[0,0],"13":[0,0],"14":[0,0],"15":[0,0,0],"16":[0,0],"17":[0,0],"18":[0,0,0],"19":[0,0],"20":[0,0],"21":[0,0],"22":[0,0],"23":[0,0],"24":[0,0],"25":[0,0],"26":[0,0],"27":[0,0],"28":[0,0],"29":[0,0],"30":[0,0],"31":[0,0],"32":[0,0,0],"33":[0,0],"34":[0,0],"35":[0,0],"36":[0,0],"37":[0,0],"38":[0,0],"39":[0,0],"40":[0,0],"41":[0,0],"42":[0,0,0],"43":[0,0],"44":[0,0],"45":[0,0],"46":[0,0],"47":[0,0],"48":[0,0],"49":[0,0],"50":[0,0],"51":[0,0],"52":[0,0],"53":[0,0],"54":[0,0],"55":[0,0],"56":[0,0],"57":[0,0],"58":[0,0],"59":[0,0],"60":[0,0],"61":[0,0],"62":[0,0],"63":[0,0],"64":[0,0],"65":[0,0,0],"66":[0,0],"67":[0,0],"68":[0,0],"69":[0,0],"70":[0,0]}}
,"/home/runner/work/MediLink/MediLink/PollySOA/MediLink/frontend/src/pages/LoginPage.tsx": {"path":"/home/runner/work/MediLink/MediLink/PollySOA/MediLink/frontend/src/pages/LoginPage.tsx","statementMap":{"0":{"start":{"line":6,"column":0},"end":{"line":6,"column":24}},"1":{"start":{"line":1,"column":0},"end":{"line":1,"column":32}},"2":{"start":{"line":2,"column":0},"end":{"line":2,"column":53}},"3":{"start":{"line":3,"column":0},"end":{"line":3,"column":48}},"4":{"start":{"line":4,"column":0},"end":{"line":4,"column":50}},"5":{"start":{"line":7,"column":20},"end":{"line":7,"column":29}},"6":{"start":{"line":8,"column":34},"end":{"line":8,"column":46}},"7":{"start":{"line":9,"column":34},"end":{"line":9,"column":46}},"8":{"start":{"line":10,"column":32},"end":{"line":10,"column":47}},"9":{"start":{"line":11,"column":28},"end":{"line":11,"column":40}},"10":{"start":{"line":14,"column":4},"end":{"line":14,"column":null}},"11":{"start":{"line":15,"column":4},"end":{"line":15,"column":null}},"12":{"start":{"line":16,"column":4},"end":{"line":16,"column":null}},"13":{"start":{"line":17,"column":4},"end":{"line":24,"column":5}},"14":{"start":{"line":18,"column":18},"end":{"line":18,"column":53}},"15":{"start":{"line":19,"column":6},"end":{"line":19,"column":null}},"16":{"start":{"line":21,"column":6},"end":{"line":21,"column":null}},"17":{"start":{"line":23,"column":6},"end":{"line":23,"column":null}},"18":{"start":{"line":28,"column":4},"end":{"line":28,"column":null}},"19":{"start":{"line":29,"column":4},"end":{"line":29,"column":null}},"20":{"start":{"line":32,"column":18},"end":{"line":35,"column":null}},"21":{"start":{"line":37,"column":19},"end":{"line":43,"column":null}},"22":{"start":{"line":45,"column":2},"end":{"line":148,"column":null}},"23":{"start":{"line":61,"column":29},"end":{"line":61,"column":56}},"24":{"start":{"line":75,"column":29},"end":{"line":75,"column":56}},"25":{"start":{"line":97,"column":14},"end":{"line":98,"column":null}},"26":{"start":{"line":99,"column":31},"end":{"line":99,"column":42}},"27":{"start":{"line":111,"column":36},"end":{"line":111,"column":80}},"28":{"start":{"line":112,"column":36},"end":{"line":112,"column":77}},"29":{"start":{"line":123,"column":14},"end":{"line":124,"column":null}},"30":{"start":{"line":125,"column":31},"end":{"line":125,"column":42}},"31":{"start":{"line":137,"column":36},"end":{"line":137,"column":80}},"32":{"start":{"line":138,"column":36},"end":{"line":138,"column":77}}},"fnMap":{"0":{"name":"LoginPage","decl":{"start":{"line":6,"column":24},"end":{"line":6,"column":33}},"loc":{"start":{"line":6,"column":33},"end":{"line":149,"column":1}}},"1":{"name":"handleLogin","decl":{"start":{"line":13,"column":17},"end":{"line":13,"column":28}},"loc":{"start":{"line":13,"column":47},"end":{"line":25,"column":3}}},"2":{"name":"fillDemo","decl":{"start":{"line":27,"column":11},"end":{"line":27,"column":19}},"loc":{"start":{"line":27,"column":29},"end":{"line":30,"column":3}}},"3":{"name":"(anonymous_4)","decl":{"start":{"line":61,"column":24},"end":{"line":61,"column":25}},"loc":{"start":{"line":61,"column":29},"end":{"line":61,"column":56}}},"4":{"name":"(anonymous_5)","decl":{"start":{"line":75,"column":24},"end":{"line":75,"column":25}},"loc":{"start":{"line":75,"column":29},"end":{"line":75,"column":56}}},"5":{"name":"(anonymous_6)","decl":{"start":{"line":96,"column":25},"end":{"line":96,"column":26}},"loc":{"start":{"line":97,"column":14},"end":{"line":98,"column":null}}},"6":{"name":"(anonymous_7)","decl":{"start":{"line":99,"column":25},"end":{"line":99,"column":28}},"loc":{"start":{"line":99,"column":31},"end":{"line":99,"column":42}}},"7":{"name":"(anonymous_8)","decl":{"start":{"line":111,"column":30},"end":{"line":111,"column":31}},"loc":{"start":{"line":111,"column":36},"end":{"line":111,"column":80}}},"8":{"name":"(anonymous_9)","decl":{"start":{"line":112,"column":30},"end":{"line":112,"column":31}},"loc":{"start":{"line":112,"column":36},"end":{"line":112,"column":77}}},"9":{"name":"(anonymous_10)","decl":{"start":{"line":122,"column":26},"end":{"line":122,"column":27}},"loc":{"start":{"line":123,"column":14},"end":{"line":124,"column":null}}},"10":{"name":"(anonymous_11)","decl":{"start":{"line":125,"column":25},"end":{"line":125,"column":28}},"loc":{"start":{"line":125,"column":31},"end":{"line":125,"column":42}}},"11":{"name":"(anonymous_12)","decl":{"start":{"line":137,"column":30},"end":{"line":137,"column":31}},"loc":{"start":{"line":137,"column":36},"end":{"line":137,"column":80}}},"12":{"name":"(anonymous_13)","decl":{"start":{"line":138,"column":30},"end":{"line":138,"column":31}},"loc":{"start":{"line":138,"column":36},"end":{"line":138,"column":77}}}},"branchMap":{"0":{"loc":{"start":{"line":81,"column":11},"end":{"line":81,"column":69}},"type":"binary-expr","locations":[{"start":{"line":81,"column":11},"end":{"line":81,"column":16}},{"start":{"line":81,"column":20},"end":{"line":81,"column":69}}]},"1":{"loc":{"start":{"line":87,"column":24},"end":{"line":87,"column":75}},"type":"cond-expr","locations":[{"start":{"line":87,"column":34},"end":{"line":87,"column":52}},{"start":{"line":87,"column":55},"end":{"line":87,"column":75}}]},"2":{"loc":{"start":{"line":89,"column":13},"end":{"line":89,"column":48}},"type":"cond-expr","locations":[{"start":{"line":89,"column":23},"end":{"line":89,"column":36}},{"start":{"line":89,"column":39},"end":{"line":89,"column":48}}]}},"s":{"0":0,"1":0,"2":0,"3":0,"4":0,"5":0,"6":0,"7":0,"8":0,"9":0,"10":0,"11":0,"12":0,"13":0,"14":0,"15":0,"16":0,"17":0,"18":0,"19":0,"20":0,"21":0,"22":0,"23":0,"24":0,"25":0,"26":0,"27":0,"28":0,"29":0,"30":0,"31":0,"32":0},"f":{"0":0,"1":0,"2":0,"3":0,"4":0,"5":0,"6":0,"7":0,"8":0,"9":0,"10":0,"11":0,"12":0},"b":{"0":[0,0],"1":[0,0],"2":[0,0]}}
[...]
,"/home/runner/work/MediLink/MediLink/PollySOA/MediLink/frontend/src/services/api.ts": {"path":"/home/runner/work/MediLink/MediLink/PollySOA/MediLink/frontend/src/services/api.ts","statementMap":{"0":{"start":{"line":55,"column":0},"end":{"line":55,"column":16}},"1":{"start":{"line":64,"column":0},"end":{"line":64,"column":16}},"2":{"start":{"line":6,"column":13},"end":{"line":6,"column":68}},"3":{"start":{"line":23,"column":4},"end":{"line":23,"column":null}},"4":{"start":{"line":17,"column":2},"end":{"line":17,"column":null}},"5":{"start":{"line":18,"column":2},"end":{"line":18,"column":null}},"6":{"start":{"line":19,"column":2},"end":{"line":19,"column":null}},"7":{"start":{"line":20,"column":2},"end":{"line":20,"column":null}},"8":{"start":{"line":24,"column":4},"end":{"line":24,"column":null}},"9":{"start":{"line":25,"column":4},"end":{"line":25,"column":null}},"10":{"start":{"line":26,"column":4},"end":{"line":26,"column":null}},"11":{"start":{"line":27,"column":4},"end":{"line":27,"column":null}},"12":{"start":{"line":28,"column":4},"end":{"line":28,"column":null}},"13":{"start":{"line":16,"column":0},"end":{"line":16,"column":13}},"14":{"start":{"line":33,"column":2},"end":{"line":33,"column":null}},"15":{"start":{"line":33,"column":39},"end":{"line":33,"column":null}},"16":{"start":{"line":34,"column":17},"end":{"line":34,"column":47}},"17":{"start":{"line":35,"column":2},"end":{"line":41,"column":null}},"18":{"start":{"line":45,"column":18},"end":{"line":45,"column":47}},"19":{"start":{"line":46,"column":18},"end":{"line":46,"column":74}},"20":{"start":{"line":47,"column":2},"end":{"line":52,"column":null}},"21":{"start":{"line":56,"column":2},"end":{"line":59,"column":3}},"22":{"start":{"line":57,"column":23},"end":{"line":57,"column":75}},"23":{"start":{"line":58,"column":4},"end":{"line":58,"column":null}},"24":{"start":{"line":60,"column":2},"end":{"line":60,"column":null}},"25":{"start":{"line":60,"column":30},"end":{"line":60,"column":null}},"26":{"start":{"line":61,"column":2},"end":{"line":61,"column":null}},"27":{"start":{"line":65,"column":19},"end":{"line":65,"column":55}},"28":{"start":{"line":66,"column":2},"end":{"line":66,"column":null}},"29":{"start":{"line":66,"column":38},"end":{"line":66,"column":null}},"30":{"start":{"line":68,"column":20},"end":{"line":68,"column":61}},"31":{"start":{"line":69,"column":2},"end":{"line":78,"column":3}},"32":{"start":{"line":70,"column":22},"end":{"line":70,"column":57}},"33":{"start":{"line":71,"column":4},"end":{"line":73,"column":5}},"34":{"start":{"line":72,"column":6},"end":{"line":72,"column":null}},"35":{"start":{"line":74,"column":4},"end":{"line":76,"column":5}},"36":{"start":{"line":75,"column":6},"end":{"line":75,"column":null}},"37":{"start":{"line":77,"column":4},"end":{"line":77,"column":null}},"38":{"start":{"line":80,"column":2},"end":{"line":80,"column":null}},"39":{"start":{"line":84,"column":42},"end":{"line":84,"column":80}},"40":{"start":{"line":85,"column":2},"end":{"line":85,"column":null}},"41":{"start":{"line":85,"column":13},"end":{"line":85,"column":null}},"42":{"start":{"line":87,"column":14},"end":{"line":87,"column":68}},"43":{"start":{"line":88,"column":2},"end":{"line":91,"column":3}},"44":{"start":{"line":89,"column":16},"end":{"line":89,"column":74}},"45":{"start":{"line":89,"column":46},"end":{"line":89,"column":72}},"46":{"start":{"line":90,"column":4},"end":{"line":90,"column":null}},"47":{"start":{"line":92,"column":2},"end":{"line":92,"column":null}},"48":{"start":{"line":95,"column":13},"end":{"line":204,"column":null}},"49":{"start":{"line":97,"column":4},"end":{"line":100,"column":null}},"50":{"start":{"line":104,"column":4},"end":{"line":104,"column":null}},"51":{"start":{"line":108,"column":4},"end":{"line":108,"column":null}},"52":{"start":{"line":112,"column":4},"end":{"line":112,"column":null}},"53":{"start":{"line":116,"column":4},"end":{"line":118,"column":null}},"54":{"start":{"line":122,"column":19},"end":{"line":122,"column":40}},"55":{"start":{"line":123,"column":4},"end":{"line":123,"column":null}},"56":{"start":{"line":123,"column":21},"end":{"line":123,"column":null}},"57":{"start":{"line":124,"column":4},"end":{"line":124,"column":null}},"58":{"start":{"line":124,"column":20},"end":{"line":124,"column":null}},"59":{"start":{"line":125,"column":4},"end":{"line":125,"column":null}},"60":{"start":{"line":126,"column":4},"end":{"line":126,"column":null}},"61":{"start":{"line":127,"column":4},"end":{"line":127,"column":null}},"62":{"start":{"line":131,"column":4},"end":{"line":131,"column":null}},"63":{"start":{"line":135,"column":4},"end":{"line":138,"column":null}},"64":{"start":{"line":142,"column":4},"end":{"line":142,"column":null}},"65":{"start":{"line":146,"column":4},"end":{"line":146,"column":null}},"66":{"start":{"line":150,"column":4},"end":{"line":150,"column":null}},"67":{"start":{"line":154,"column":4},"end":{"line":156,"column":null}},"68":{"start":{"line":160,"column":4},"end":{"line":162,"column":null}},"69":{"start":{"line":166,"column":4},"end":{"line":173,"column":null}},"70":{"start":{"line":177,"column":40},"end":{"line":177,"column":112}},"71":{"start":{"line":178,"column":4},"end":{"line":181,"column":null}},"72":{"start":{"line":185,"column":19},"end":{"line":185,"column":82}},"73":{"start":{"line":186,"column":4},"end":{"line":186,"column":null}},"74":{"start":{"line":190,"column":44},"end":{"line":190,"column":82}},"75":{"start":{"line":191,"column":4},"end":{"line":191,"column":null}},"76":{"start":{"line":191,"column":15},"end":{"line":191,"column":null}},"77":{"start":{"line":192,"column":4},"end":{"line":202,"column":null}},"78":{"start":{"line":197,"column":6},"end":{"line":200,"column":7}},"79":{"start":{"line":198,"column":20},"end":{"line":198,"column":74}},"80":{"start":{"line":198,"column":48},"end":{"line":198,"column":72}},"81":{"start":{"line":199,"column":8},"end":{"line":199,"column":null}},"82":{"start":{"line":201,"column":6},"end":{"line":201,"column":null}}},"fnMap":{"0":{"name":"(anonymous_0)","decl":{"start":{"line":22,"column":2},"end":{"line":22,"column":14}},"loc":{"start":{"line":22,"column":112},"end":{"line":29,"column":3}}},"1":{"name":"normalizeApiErrorPayload","decl":{"start":{"line":32,"column":9},"end":{"line":32,"column":33}},"loc":{"start":{"line":32,"column":46},"end":{"line":42,"column":1}}},"2":{"name":"toApiError","decl":{"start":{"line":44,"column":9},"end":{"line":44,"column":19}},"loc":{"start":{"line":44,"column":48},"end":{"line":53,"column":1}}},"3":{"name":"formatApiError","decl":{"start":{"line":55,"column":16},"end":{"line":55,"column":30}},"loc":{"start":{"line":55,"column":77},"end":{"line":62,"column":1}}},"4":{"name":"resolveIdoniaOpenUrl","decl":{"start":{"line":64,"column":16},"end":{"line":64,"column":36}},"loc":{"start":{"line":64,"column":81},"end":{"line":81,"column":1}}},"5":{"name":"req","decl":{"start":{"line":83,"column":15},"end":{"line":83,"column":18}},"loc":{"start":{"line":83,"column":80},"end":{"line":93,"column":1}}},"6":{"name":"(anonymous_6)","decl":{"start":{"line":89,"column":39},"end":{"line":89,"column":42}},"loc":{"start":{"line":89,"column":46},"end":{"line":89,"column":72}}},"7":{"name":"(anonymous_7)","decl":{"start":{"line":96,"column":2},"end":{"line":96,"column":7}},"loc":{"start":{"line":96,"column":42},"end":{"line":101,"column":3}}},"8":{"name":"(anonymous_8)","decl":{"start":{"line":103,"column":2},"end":{"line":103,"column":14}},"loc":{"start":{"line":103,"column":14},"end":{"line":105,"column":3}}},"9":{"name":"(anonymous_9)","decl":{"start":{"line":107,"column":2},"end":{"line":107,"column":13}},"loc":{"start":{"line":107,"column":28},"end":{"line":109,"column":3}}},"10":{"name":"(anonymous_10)","decl":{"start":{"line":111,"column":2},"end":{"line":111,"column":12}},"loc":{"start":{"line":111,"column":39},"end":{"line":113,"column":3}}},"11":{"name":"(anonymous_11)","decl":{"start":{"line":115,"column":2},"end":{"line":115,"column":19}},"loc":{"start":{"line":115,"column":46},"end":{"line":119,"column":3}}},"12":{"name":"(anonymous_12)","decl":{"start":{"line":121,"column":2},"end":{"line":121,"column":16}},"loc":{"start":{"line":121,"column":107},"end":{"line":128,"column":3}}},"13":{"name":"(anonymous_13)","decl":{"start":{"line":130,"column":2},"end":{"line":130,"column":19}},"loc":{"start":{"line":130,"column":34},"end":{"line":132,"column":3}}},"14":{"name":"(anonymous_14)","decl":{"start":{"line":134,"column":2},"end":{"line":134,"column":20}},"loc":{"start":{"line":134,"column":65},"end":{"line":139,"column":3}}},"15":{"name":"(anonymous_15)","decl":{"start":{"line":141,"column":2},"end":{"line":141,"column":25}},"loc":{"start":{"line":141,"column":59},"end":{"line":143,"column":3}}},"16":{"name":"(anonymous_16)","decl":{"start":{"line":145,"column":2},"end":{"line":145,"column":28}},"loc":{"start":{"line":145,"column":62},"end":{"line":147,"column":3}}},"17":{"name":"(anonymous_17)","decl":{"start":{"line":149,"column":2},"end":{"line":149,"column":15}},"loc":{"start":{"line":149,"column":107},"end":{"line":151,"column":3}}},"18":{"name":"(anonymous_18)","decl":{"start":{"line":153,"column":2},"end":{"line":153,"column":20}},"loc":{"start":{"line":153,"column":84},"end":{"line":157,"column":3}}},"19":{"name":"(anonymous_19)","decl":{"start":{"line":159,"column":2},"end":{"line":159,"column":16}},"loc":{"start":{"line":159,"column":50},"end":{"line":163,"column":3}}},"20":{"name":"(anonymous_20)","decl":{"start":{"line":165,"column":2},"end":{"line":165,"column":12}},"loc":{"start":{"line":165,"column":109},"end":{"line":174,"column":3}}},"21":{"name":"(anonymous_21)","decl":{"start":{"line":176,"column":2},"end":{"line":176,"column":22}},"loc":{"start":{"line":176,"column":90},"end":{"line":182,"column":3}}},"22":{"name":"(anonymous_22)","decl":{"start":{"line":184,"column":2},"end":{"line":184,"column":26}},"loc":{"start":{"line":184,"column":61},"end":{"line":187,"column":3}}},"23":{"name":"(anonymous_23)","decl":{"start":{"line":189,"column":2},"end":{"line":189,"column":13}},"loc":{"start":{"line":189,"column":53},"end":{"line":203,"column":3}}},"24":{"name":"(anonymous_24)","decl":{"start":{"line":196,"column":12},"end":{"line":196,"column":17}},"loc":{"start":{"line":196,"column":22},"end":{"line":202,"column":5}}},"25":{"name":"(anonymous_25)","decl":{"start":{"line":198,"column":41},"end":{"line":198,"column":44}},"loc":{"start":{"line":198,"column":48},"end":{"line":198,"column":72}}}},"branchMap":{"0":{"loc":{"start":{"line":6,"column":13},"end":{"line":6,"column":68}},"type":"binary-expr","locations":[{"start":{"line":6,"column":13},"end":{"line":6,"column":41}},{"start":{"line":6,"column":45},"end":{"line":6,"column":68}}]},"1":{"loc":{"start":{"line":33,"column":2},"end":{"line":33,"column":null}},"type":"if","locations":[{"start":{"line":33,"column":2},"end":{"line":33,"column":null}},{"start":{},"end":{}}]},"2":{"loc":{"start":{"line":33,"column":6},"end":{"line":33,"column":37}},"type":"binary-expr","locations":[{"start":{"line":33,"column":6},"end":{"line":33,"column":10}},{"start":{"line":33,"column":14},"end":{"line":33,"column":37}}]},"3":{"loc":{"start":{"line":36,"column":10},"end":{"line":36,"column":67}},"type":"cond-expr","locations":[{"start":{"line":36,"column":44},"end":{"line":36,"column":55}},{"start":{"line":36,"column":58},"end":{"line":36,"column":67}}]},"4":{"loc":{"start":{"line":37,"column":13},"end":{"line":37,"column":76}},"type":"cond-expr","locations":[{"start":{"line":37,"column":50},"end":{"line":37,"column":64}},{"start":{"line":37,"column":67},"end":{"line":37,"column":76}}]},"5":{"loc":{"start":{"line":38,"column":12},"end":{"line":38,"column":73}},"type":"cond-expr","locations":[{"start":{"line":38,"column":48},"end":{"line":38,"column":61}},{"start":{"line":38,"column":64},"end":{"line":38,"column":73}}]},"6":{"loc":{"start":{"line":40,"column":14},"end":{"line":40,"column":79}},"type":"cond-expr","locations":[{"start":{"line":40,"column":52},"end":{"line":40,"column":67}},{"start":{"line":40,"column":70},"end":{"line":40,"column":79}}]},"7":{"loc":{"start":{"line":46,"column":18},"end":{"line":46,"column":74}},"type":"binary-expr","locations":[{"start":{"line":46,"column":18},"end":{"line":46,"column":33}},{"start":{"line":46,"column":37},"end":{"line":46,"column":51}},{"start":{"line":46,"column":55},"end":{"line":46,"column":74}}]},"8":{"loc":{"start":{"line":55,"column":47},"end":{"line":55,"column":77}},"type":"default-arg","locations":[{"start":{"line":55,"column":58},"end":{"line":55,"column":77}}]},"9":{"loc":{"start":{"line":56,"column":2},"end":{"line":59,"column":3}},"type":"if","locations":[{"start":{"line":56,"column":2},"end":{"line":59,"column":3}},{"start":{},"end":{}}]},"10":{"loc":{"start":{"line":57,"column":23},"end":{"line":57,"column":75}},"type":"cond-expr","locations":[{"start":{"line":57,"column":39},"end":{"line":57,"column":70}},{"start":{"line":57,"column":73},"end":{"line":57,"column":75}}]},"11":{"loc":{"start":{"line":60,"column":2},"end":{"line":60,"column":null}},"type":"if","locations":[{"start":{"line":60,"column":2},"end":{"line":60,"column":null}},{"start":{},"end":{}}]},"12":{"loc":{"start":{"line":60,"column":37},"end":{"line":60,"column":62}},"type":"binary-expr","locations":[{"start":{"line":60,"column":37},"end":{"line":60,"column":50}},{"start":{"line":60,"column":54},"end":{"line":60,"column":62}}]},"13":{"loc":{"start":{"line":64,"column":67},"end":{"line":64,"column":81}},"type":"default-arg","locations":[{"start":{"line":64,"column":77},"end":{"line":64,"column":81}}]},"14":{"loc":{"start":{"line":65,"column":20},"end":{"line":65,"column":47}},"type":"binary-expr","locations":[{"start":{"line":65,"column":20},"end":{"line":65,"column":41}},{"start":{"line":65,"column":45},"end":{"line":65,"column":47}}]},"15":{"loc":{"start":{"line":66,"column":2},"end":{"line":66,"column":null}},"type":"if","locations":[{"start":{"line":66,"column":2},"end":{"line":66,"column":null}},{"start":{},"end":{}}]},"16":{"loc":{"start":{"line":68,"column":21},"end":{"line":68,"column":53}},"type":"binary-expr","locations":[{"start":{"line":68,"column":21},"end":{"line":68,"column":47}},{"start":{"line":68,"column":51},"end":{"line":68,"column":53}}]},"17":{"loc":{"start":{"line":69,"column":2},"end":{"line":78,"column":3}},"type":"if","locations":[{"start":{"line":69,"column":2},"end":{"line":78,"column":3}},{"start":{},"end":{}}]},"18":{"loc":{"start":{"line":70,"column":22},"end":{"line":70,"column":57}},"type":"cond-expr","locations":[{"start":{"line":70,"column":48},"end":{"line":70,"column":51}},{"start":{"line":70,"column":54},"end":{"line":70,"column":57}}]},"19":{"loc":{"start":{"line":71,"column":4},"end":{"line":73,"column":5}},"type":"if","locations":[{"start":{"line":71,"column":4},"end":{"line":73,"column":5}},{"start":{},"end":{}}]},"20":{"loc":{"start":{"line":74,"column":4},"end":{"line":76,"column":5}},"type":"if","locations":[{"start":{"line":74,"column":4},"end":{"line":76,"column":5}},{"start":{},"end":{}}]},"21":{"loc":{"start":{"line":85,"column":2},"end":{"line":85,"column":null}},"type":"if","locations":[{"start":{"line":85,"column":2},"end":{"line":85,"column":null}},{"start":{},"end":{}}]},"22":{"loc":{"start":{"line":88,"column":2},"end":{"line":91,"column":3}},"type":"if","locations":[{"start":{"line":88,"column":2},"end":{"line":91,"column":3}},{"start":{},"end":{}}]},"23":{"loc":{"start":{"line":123,"column":4},"end":{"line":123,"column":null}},"type":"if","locations":[{"start":{"line":123,"column":4},"end":{"line":123,"column":null}},{"start":{},"end":{}}]},"24":{"loc":{"start":{"line":124,"column":4},"end":{"line":124,"column":null}},"type":"if","locations":[{"start":{"line":124,"column":4},"end":{"line":124,"column":null}},{"start":{},"end":{}}]},"25":{"loc":{"start":{"line":125,"column":30},"end":{"line":125,"column":46}},"type":"binary-expr","locations":[{"start":{"line":125,"column":30},"end":{"line":125,"column":41}},{"start":{"line":125,"column":45},"end":{"line":125,"column":46}}]},"26":{"loc":{"start":{"line":126,"column":35},"end":{"line":126,"column":57}},"type":"binary-expr","locations":[{"start":{"line":126,"column":35},"end":{"line":126,"column":51}},{"start":{"line":126,"column":55},"end":{"line":126,"column":57}}]},"27":{"loc":{"start":{"line":177,"column":82},"end":{"line":177,"column":110}},"type":"binary-expr","locations":[{"start":{"line":177,"column":82},"end":{"line":177,"column":97}},{"start":{"line":177,"column":101},"end":{"line":177,"column":110}}]},"28":{"loc":{"start":{"line":185,"column":19},"end":{"line":185,"column":82}},"type":"cond-expr","locations":[{"start":{"line":185,"column":31},"end":{"line":185,"column":77}},{"start":{"line":185,"column":80},"end":{"line":185,"column":82}}]},"29":{"loc":{"start":{"line":191,"column":4},"end":{"line":191,"column":null}},"type":"if","locations":[{"start":{"line":191,"column":4},"end":{"line":191,"column":null}},{"start":{},"end":{}}]},"30":{"loc":{"start":{"line":197,"column":6},"end":{"line":200,"column":7}},"type":"if","locations":[{"start":{"line":197,"column":6},"end":{"line":200,"column":7}},{"start":{},"end":{}}]}},"s":{"0":0,"1":0,"2":0,"3":0,"4":0,"5":0,"6":0,"7":0,"8":0,"9":0,"10":0,"11":0,"12":0,"13":0,"14":0,"15":0,"16":0,"17":0,"18":0,"19":0,"20":0,"21":0,"22":0,"23":0,"24":0,"25":0,"26":0,"27":0,"28":0,"29":0,"30":0,"31":0,"32":0,"33":0,"34":0,"35":0,"36":0,"37":0,"38":0,"39":0,"40":0,"41":0,"42":0,"43":0,"44":0,"45":0,"46":0,"47":0,"48":0,"49":0,"50":0,"51":0,"52":0,"53":0,"54":0,"55":0,"56":0,"57":0,"58":0,"59":0,"60":0,"61":0,"62":0,"63":0,"64":0,"65":0,"66":0,"67":0,"68":0,"69":0,"70":0,"71":0,"72":0,"73":0,"74":0,"75":0,"76":0,"77":0,"78":0,"79":0,"80":0,"81":0,"82":0},"f":{"0":0,"1":0,"2":0,"3":0,"4":0,"5":0,"6":0,"7":0,"8":0,"9":0,"10":0,"11":0,"12":0,"13":0,"14":0,"15":0,"16":0,"17":0,"18":0,"19":0,"20":0,"21":0,"22":0,"23":0,"24":0,"25":0},"b":{"0":[0,0],"1":[0,0],"2":[0,0],"3":[0,0],"4":[0,0],"5":[0,0],"6":[0,0],"7":[0,0,0],"8":[0],"9":[0,0],"10":[0,0],"11":[0,0],"12":[0,0],"13":[0],"14":[0,0],"15":[0,0],"16":[0,0],"17":[0,0],"18":[0,0],"19":[0,0],"20":[0,0],"21":[0,0],"22":[0,0],"23":[0,0],"24":[0,0],"25":[0,0],"26":[0,0],"27":[0,0],"28":[0,0],"29":[0,0],"30":[0,0]}}
}
