TN:
SF:src/App.tsx
FN:14,AppContent
FN:42,handleOpenIdonia
FN:52,(anonymous_3)
FN:53,(anonymous_4)
FN:81,handleCopyPin
FN:111,(anonymous_6)
FN:137,(anonymous_7)
FN:149,(anonymous_8)
FN:158,(anonymous_9)
FN:163,(anonymous_10)
FN:176,(anonymous_11)
FN:181,(anonymous_12)
FN:206,(anonymous_13)
FN:211,(anonymous_14)
FN:220,(anonymous_15)
FN:281,App
FNF:16
FNH:0
FNDA:0,AppContent
FNDA:0,handleOpenIdonia
FNDA:0,(anonymous_3)
FNDA:0,(anonymous_4)
FNDA:0,handleCopyPin
FNDA:0,(anonymous_6)
FNDA:0,(anonymous_7)
FNDA:0,(anonymous_8)
FNDA:0,(anonymous_9)
FNDA:0,(anonymous_10)
FNDA:0,(anonymous_11)
FNDA:0,(anonymous_12)
FNDA:0,(anonymous_13)
FNDA:0,(anonymous_14)
FNDA:0,(anonymous_15)
FNDA:0,App
DA:1,0
DA:2,0
DA:3,0
DA:4,0
DA:5,0
DA:6,0
DA:7,0
DA:8,0
DA:9,0
DA:15,0
DA:16,0
DA:17,0
DA:18,0
DA:19,0
DA:20,0
DA:21,0
DA:22,0
DA:23,0
DA:24,0
DA:26,0
DA:28,0
DA:30,0
DA:32,0
DA:36,0
DA:43,0
DA:45,0
DA:46,0
DA:47,0
DA:48,0
DA:49,0
DA:52,0
DA:53,0
DA:56,0
DA:61,0
DA:62,0
DA:63,0
DA:64,0
DA:65,0
DA:66,0
DA:67,0
DA:70,0
DA:71,0
DA:72,0
DA:75,0
DA:77,0
DA:82,0
DA:83,0
DA:84,0
DA:85,0
DA:87,0
DA:91,0
DA:97,0
DA:104,0
DA:111,0
DA:137,0
DA:149,0
DA:159,0
DA:164,0
DA:165,0
DA:177,0
DA:182,0
DA:183,0
DA:206,0
DA:211,0
DA:220,0
DA:281,0
DA:282,0
LF:67
LH:0
BRDA:26,0,0,0
BRDA:26,0,1,0
BRDA:30,1,0,0
BRDA:30,1,1,0
BRDA:32,2,0,0
BRDA:32,2,1,0
BRDA:43,3,0,0
BRDA:43,3,1,0
BRDA:43,4,0,0
BRDA:43,4,1,0
BRDA:57,5,0,0
BRDA:57,5,1,0
BRDA:61,6,0,0
BRDA:61,6,1,0
BRDA:64,7,0,0
BRDA:64,7,1,0
BRDA:66,8,0,0
BRDA:66,8,1,0
BRDA:72,9,0,0
BRDA:72,9,1,0
BRDA:72,10,0,0
BRDA:72,10,1,0
BRDA:82,11,0,0
BRDA:82,11,1,0
BRDA:112,12,0,0
BRDA:112,12,1,0
BRDA:116,13,0,0
BRDA:116,13,1,0
BRDA:125,14,0,0
BRDA:125,14,1,0
BRDA:134,15,0,0
BRDA:134,15,1,0
BRDA:142,16,0,0
BRDA:142,16,1,0
BRDA:145,17,0,0
BRDA:145,17,1,0
BRDA:155,18,0,0
BRDA:155,18,1,0
BRDA:156,19,0,0
BRDA:156,19,1,0
BRDA:162,20,0,0
BRDA:162,20,1,0
BRDA:167,21,0,0
BRDA:167,21,1,0
BRDA:180,22,0,0
BRDA:180,22,1,0
BRDA:185,23,0,0
BRDA:185,23,1,0
BRDA:188,24,0,0
BRDA:188,24,1,0
BRDA:201,25,0,0
BRDA:201,25,1,0
BRDA:213,26,0,0
BRDA:213,26,1,0
BRDA:215,27,0,0
BRDA:215,27,1,0
BRDA:222,28,0,0
BRDA:222,28,1,0
BRDA:224,29,0,0
BRDA:224,29,1,0
BRDA:226,30,0,0
BRDA:226,30,1,0
BRDA:229,31,0,0
BRDA:229,31,1,0
BRDA:238,32,0,0
BRDA:238,32,1,0
BRDA:241,33,0,0
BRDA:241,33,1,0
BRDA:242,34,0,0
BRDA:242,34,1,0
BRDA:249,35,0,0
BRDA:249,35,1,0
BRDA:264,36,0,0
BRDA:264,36,1,0
BRDA:270,37,0,0
BRDA:270,37,1,0
BRF:76
BRH:0
end_of_record
TN:
SF:src/components/VoiceButton.tsx
FN:27,VoiceButton
FN:42,(anonymous_1)
FN:55,(anonymous_2)
FN:74,(anonymous_3)
FNF:4
FNH:2
FNDA:6,VoiceButton
FNDA:6,(anonymous_1)
FNDA:0,(anonymous_2)
FNDA:0,(anonymous_3)
DA:1,1
DA:13,1
DA:20,1
DA:27,1
DA:34,6
DA:35,6
DA:36,6
DA:39,6
DA:40,6
DA:42,6
DA:43,6
DA:44,6
DA:45,6
DA:46,6
DA:48,0
DA:49,0
DA:50,0
DA:51,0
DA:54,0
DA:55,0
DA:56,0
DA:57,0
DA:58,0
DA:59,0
DA:60,0
DA:61,0
DA:62,0
DA:63,0
DA:64,0
DA:65,0
DA:66,0
DA:67,0
DA:69,0
DA:70,0
DA:73,0
DA:74,0
DA:77,6
LF:37
LH:15
BRDA:34,0,0,1
BRDA:34,0,1,5
BRDA:36,1,0,6
BRDA:36,1,1,5
BRDA:44,2,0,0
BRDA:44,2,1,6
BRDA:46,3,0,6
BRDA:46,3,1,0
BRDA:48,4,0,0
BRDA:48,4,1,0
BRDA:86,5,0,1
BRDA:86,5,1,5
BRDA:99,6,0,1
BRDA:99,6,1,5
BRDA:107,7,0,6
BRDA:107,7,1,1
BRDA:114,8,0,6
BRDA:114,8,1,1
BRF:18
BRH:14
end_of_record
TN:
SF:src/context/AuthContext.tsx
FN:13,AuthProvider
FN:17,login
FN:22,logout
FN:34,useAuth
FNF:4
FNH:0
FNDA:0,AuthProvider
FNDA:0,login
FNDA:0,logout
FNDA:0,useAuth
DA:1,1
DA:11,1
DA:13,1
DA:14,0
DA:15,0
DA:18,0
DA:19,0
DA:23,0
DA:24,0
DA:27,0
DA:34,1
DA:35,0
DA:36,0
DA:37,0
LF:14
LH:4
BRDA:36,0,0,0
BRDA:36,0,1,0
BRF:2
BRH:0
end_of_record
TN:
SF:src/hooks/useVoiceRecorder.ts
FN:66,cleanTranscript
FN:74,useVoiceRecorder
FN:88,(anonymous_2)
FN:95,(anonymous_3)
FN:112,(anonymous_4)
FN:114,(anonymous_5)
FN:140,(anonymous_6)
FN:152,(anonymous_7)
FN:162,(anonymous_8)
FN:171,(anonymous_9)
FN:172,(anonymous_10)
FNF:11
FNH:0
FNDA:0,cleanTranscript
FNDA:0,useVoiceRecorder
FNDA:0,(anonymous_2)
FNDA:0,(anonymous_3)
FNDA:0,(anonymous_4)
FNDA:0,(anonymous_5)
FNDA:0,(anonymous_6)
FNDA:0,(anonymous_7)
FNDA:0,(anonymous_8)
FNDA:0,(anonymous_9)
FNDA:0,(anonymous_10)
DA:1,1
DA:60,1
DA:67,0
DA:74,1
DA:78,0
DA:79,0
DA:80,0
DA:82,0
DA:83,0
DA:84,0
DA:86,0
DA:88,0
DA:89,0
DA:90,0
DA:91,0
DA:92,0
DA:95,0
DA:96,0
DA:97,0
DA:98,0
DA:99,0
DA:101,0
DA:103,0
DA:104,0
DA:106,0
DA:107,0
DA:108,0
DA:109,0
DA:110,0
DA:112,0
DA:114,0
DA:115,0
DA:116,0
DA:117,0
DA:118,0
DA:119,0
DA:120,0
DA:122,0
DA:125,0
DA:126,0
DA:127,0
DA:128,0
DA:129,0
DA:130,0
DA:131,0
DA:132,0
DA:134,0
DA:135,0
DA:136,0
DA:140,0
DA:141,0
DA:147,0
DA:148,0
DA:149,0
DA:152,0
DA:153,0
DA:154,0
DA:155,0
DA:158,0
DA:159,0
DA:162,0
DA:163,0
DA:164,0
DA:165,0
DA:166,0
DA:171,0
DA:172,0
DA:173,0
DA:177,0
LF:69
LH:3
BRDA:60,0,0,0
BRDA:60,0,1,1
BRDA:62,1,0,1
BRDA:62,1,1,1
BRDA:62,1,2,1
BRDA:76,2,0,0
BRDA:96,3,0,0
BRDA:96,3,1,0
BRDA:101,4,0,0
BRDA:101,4,1,0
BRDA:119,5,0,0
BRDA:119,5,1,0
BRDA:125,6,0,0
BRDA:125,6,1,0
BRDA:126,7,0,0
BRDA:126,7,1,0
BRDA:128,8,0,0
BRDA:128,8,1,0
BRDA:147,9,0,0
BRDA:147,9,1,0
BRDA:153,10,0,0
BRDA:153,10,1,0
BRDA:163,11,0,0
BRDA:163,11,1,0
BRDA:165,12,0,0
BRDA:165,12,1,0
BRDA:165,13,0,0
BRDA:165,13,1,0
BRF:28
BRH:4
end_of_record
TN:
SF:src/pages/DoctorDashboard.tsx
FN:13,DoctorDashboard
FN:39,(anonymous_1)
FN:45,reloadMyPatients
FN:59,handleSearchPatients
FN:87,selectPatient
FN:106,(anonymous_5)
FN:109,(anonymous_6)
FN:120,handleQuickClinicalAction
FN:125,handleCreateIdoniaLink
FN:142,handleCopyIdoniaPin
FN:152,handleProcessReport
FN:166,handlePrescribe
FN:171,(anonymous_12)
FN:188,(anonymous_13)
FN:189,(anonymous_14)
FN:210,(anonymous_15)
FN:217,(anonymous_16)
FN:240,(anonymous_17)
FN:242,(anonymous_18)
FN:256,(anonymous_19)
FN:259,(anonymous_20)
FN:283,(anonymous_21)
FN:314,(anonymous_22)
FN:320,(anonymous_23)
FN:330,(anonymous_24)
FN:369,(anonymous_25)
FN:395,(anonymous_26)
FN:395,(anonymous_27)
FN:396,(anonymous_28)
FN:396,(anonymous_29)
FN:397,(anonymous_30)
FN:397,(anonymous_31)
FN:398,(anonymous_32)
FN:398,(anonymous_33)
FN:402,(anonymous_34)
FN:402,(anonymous_35)
FN:416,(anonymous_36)
FNF:37
FNH:0
FNDA:0,DoctorDashboard
FNDA:0,(anonymous_1)
FNDA:0,reloadMyPatients
FNDA:0,handleSearchPatients
FNDA:0,selectPatient
FNDA:0,(anonymous_5)
FNDA:0,(anonymous_6)
FNDA:0,handleQuickClinicalAction
FNDA:0,handleCreateIdoniaLink
FNDA:0,handleCopyIdoniaPin
FNDA:0,handleProcessReport
FNDA:0,handlePrescribe
FNDA:0,(anonymous_12)
FNDA:0,(anonymous_13)
FNDA:0,(anonymous_14)
FNDA:0,(anonymous_15)
FNDA:0,(anonymous_16)
FNDA:0,(anonymous_17)
FNDA:0,(anonymous_18)
FNDA:0,(anonymous_19)
FNDA:0,(anonymous_20)
FNDA:0,(anonymous_21)
FNDA:0,(anonymous_22)
FNDA:0,(anonymous_23)
FNDA:0,(anonymous_24)
FNDA:0,(anonymous_25)
FNDA:0,(anonymous_26)
FNDA:0,(anonymous_27)
FNDA:0,(anonymous_28)
FNDA:0,(anonymous_29)
FNDA:0,(anonymous_30)
FNDA:0,(anonymous_31)
FNDA:0,(anonymous_32)
FNDA:0,(anonymous_33)
FNDA:0,(anonymous_34)
FNDA:0,(anonymous_35)
FNDA:0,(anonymous_36)
DA:1,0
DA:2,0
DA:3,0
DA:13,0
DA:14,0
DA:15,0
DA:16,0
DA:17,0
DA:18,0
DA:19,0
DA:20,0
DA:21,0
DA:22,0
DA:23,0
DA:24,0
DA:25,0
DA:26,0
DA:27,0
DA:28,0
DA:29,0
DA:30,0
DA:31,0
DA:32,0
DA:33,0
DA:34,0
DA:35,0
DA:36,0
DA:37,0
DA:39,0
DA:40,0
DA:41,0
DA:46,0
DA:47,0
DA:48,0
DA:49,0
DA:50,0
DA:51,0
DA:53,0
DA:55,0
DA:60,0
DA:61,0
DA:62,0
DA:63,0
DA:66,0
DA:67,0
DA:68,0
DA:69,0
DA:78,0
DA:79,0
DA:81,0
DA:83,0
DA:88,0
DA:89,0
DA:90,0
DA:91,0
DA:92,0
DA:93,0
DA:94,0
DA:95,0
DA:96,0
DA:97,0
DA:98,0
DA:99,0
DA:101,0
DA:103,0
DA:107,0
DA:108,0
DA:110,0
DA:111,0
DA:112,0
DA:114,0
DA:117,0
DA:121,0
DA:122,0
DA:126,0
DA:127,0
DA:128,0
DA:129,0
DA:130,0
DA:131,0
DA:132,0
DA:133,0
DA:135,0
DA:136,0
DA:138,0
DA:143,0
DA:144,0
DA:145,0
DA:146,0
DA:148,0
DA:153,0
DA:154,0
DA:155,0
DA:156,0
DA:157,0
DA:158,0
DA:160,0
DA:162,0
DA:167,0
DA:168,0
DA:169,0
DA:170,0
DA:171,0
DA:172,0
DA:173,0
DA:175,0
DA:179,0
DA:185,0
DA:189,0
DA:210,0
DA:217,0
DA:241,0
DA:242,0
DA:256,0
DA:259,0
DA:284,0
DA:314,0
DA:320,0
DA:331,0
DA:332,0
DA:333,0
DA:369,0
DA:395,0
DA:396,0
DA:397,0
DA:398,0
DA:402,0
DA:417,0
LF:128
LH:0
BRDA:37,0,0,0
BRDA:37,0,1,0
BRDA:37,0,2,0
BRDA:40,1,0,0
BRDA:40,1,1,0
BRDA:48,2,0,0
BRDA:48,2,1,0
BRDA:61,3,0,0
BRDA:61,3,1,0
BRDA:71,4,0,0
BRDA:71,4,1,0
BRDA:72,5,0,0
BRDA:72,5,1,0
BRDA:76,6,0,0
BRDA:76,6,1,0
BRDA:101,7,0,0
BRDA:101,7,1,0
BRDA:104,8,0,0
BRDA:104,8,1,0
BRDA:105,9,0,0
BRDA:105,9,1,0
BRDA:126,10,0,0
BRDA:126,10,1,0
BRDA:131,11,0,0
BRDA:131,11,1,0
BRDA:133,12,0,0
BRDA:133,12,1,0
BRDA:143,13,0,0
BRDA:143,13,1,0
BRDA:153,14,0,0
BRDA:153,14,1,0
BRDA:153,15,0,0
BRDA:153,15,1,0
BRDA:153,15,2,0
BRDA:157,16,0,0
BRDA:157,16,1,0
BRDA:167,17,0,0
BRDA:167,17,1,0
BRDA:167,18,0,0
BRDA:167,18,1,0
BRDA:167,18,2,0
BRDA:170,19,0,0
BRDA:170,19,1,0
BRDA:190,20,0,0
BRDA:190,20,1,0
BRDA:196,21,0,0
BRDA:196,21,1,0
BRDA:198,22,0,0
BRDA:198,22,1,0
BRDA:215,23,0,0
BRDA:215,23,1,0
BRDA:221,24,0,0
BRDA:221,24,1,0
BRDA:226,25,0,0
BRDA:226,25,1,0
BRDA:229,26,0,0
BRDA:229,26,1,0
BRDA:229,27,0,0
BRDA:229,27,1,0
BRDA:234,28,0,0
BRDA:234,28,1,0
BRDA:241,29,0,0
BRDA:241,29,1,0
BRDA:250,30,0,0
BRDA:250,30,1,0
BRDA:251,31,0,0
BRDA:251,31,1,0
BRDA:265,32,0,0
BRDA:265,32,1,0
BRDA:265,32,2,0
BRDA:274,33,0,0
BRDA:274,33,1,0
BRDA:278,34,0,0
BRDA:278,34,1,0
BRDA:279,35,0,0
BRDA:279,35,1,0
BRDA:279,36,0,0
BRDA:279,36,1,0
BRDA:285,37,0,0
BRDA:285,37,1,0
BRDA:296,38,0,0
BRDA:296,38,1,0
BRDA:298,39,0,0
BRDA:298,39,1,0
BRDA:299,40,0,0
BRDA:299,40,1,0
BRDA:303,41,0,0
BRDA:303,41,1,0
BRDA:323,42,0,0
BRDA:323,42,1,0
BRDA:323,42,2,0
BRDA:324,43,0,0
BRDA:324,43,1,0
BRDA:324,44,0,0
BRDA:324,44,1,0
BRDA:327,45,0,0
BRDA:327,45,1,0
BRDA:329,46,0,0
BRDA:329,46,1,0
BRDA:337,47,0,0
BRDA:337,47,1,0
BRDA:338,48,0,0
BRDA:338,48,1,0
BRDA:339,49,0,0
BRDA:339,49,1,0
BRDA:344,50,0,0
BRDA:344,50,1,0
BRDA:354,51,0,0
BRDA:354,51,1,0
BRDA:360,52,0,0
BRDA:360,52,1,0
BRDA:364,53,0,0
BRDA:364,53,1,0
BRDA:364,54,0,0
BRDA:364,54,1,0
BRDA:367,55,0,0
BRDA:367,55,1,0
BRDA:382,56,0,0
BRDA:382,56,1,0
BRDA:384,57,0,0
BRDA:384,57,1,0
BRDA:385,58,0,0
BRDA:385,58,1,0
BRDA:389,59,0,0
BRDA:389,59,1,0
BRDA:395,60,0,0
BRDA:395,60,1,0
BRDA:396,61,0,0
BRDA:396,61,1,0
BRDA:397,62,0,0
BRDA:397,62,1,0
BRDA:398,63,0,0
BRDA:398,63,1,0
BRDA:402,64,0,0
BRDA:402,64,1,0
BRDA:405,65,0,0
BRDA:405,65,1,0
BRDA:405,65,2,0
BRDA:406,66,0,0
BRDA:406,66,1,0
BRDA:406,67,0,0
BRDA:406,67,1,0
BRDA:409,68,0,0
BRDA:409,68,1,0
BRDA:412,69,0,0
BRDA:412,69,1,0
BRDA:423,70,0,0
BRDA:423,70,1,0
BRF:148
BRH:0
end_of_record
TN:
SF:src/pages/LoginPage.tsx
FN:6,LoginPage
FN:13,handleLogin
FN:27,fillDemo
FN:61,(anonymous_4)
FN:75,(anonymous_5)
FN:96,(anonymous_6)
FN:99,(anonymous_7)
FN:111,(anonymous_8)
FN:112,(anonymous_9)
FN:122,(anonymous_10)
FN:125,(anonymous_11)
FN:137,(anonymous_12)
FN:138,(anonymous_13)
FNF:13
FNH:0
FNDA:0,LoginPage
FNDA:0,handleLogin
FNDA:0,fillDemo
FNDA:0,(anonymous_4)
FNDA:0,(anonymous_5)
FNDA:0,(anonymous_6)
FNDA:0,(anonymous_7)
FNDA:0,(anonymous_8)
FNDA:0,(anonymous_9)
FNDA:0,(anonymous_10)
FNDA:0,(anonymous_11)
FNDA:0,(anonymous_12)
FNDA:0,(anonymous_13)
DA:1,0
DA:2,0
DA:3,0
DA:4,0
DA:6,0
DA:7,0
DA:8,0
DA:9,0
DA:10,0
DA:11,0
DA:14,0
DA:15,0
DA:16,0
DA:17,0
DA:18,0
DA:19,0
DA:21,0
DA:23,0
DA:28,0
DA:29,0
DA:32,0
DA:37,0
DA:45,0
DA:61,0
DA:75,0
DA:97,0
DA:99,0
DA:111,0
DA:112,0
DA:123,0
DA:125,0
DA:137,0
DA:138,0
LF:33
LH:0
BRDA:81,0,0,0
BRDA:81,0,1,0
BRDA:87,1,0,0
BRDA:87,1,1,0
BRDA:89,2,0,0
BRDA:89,2,1,0
BRF:6
BRH:0
end_of_record
TN:
SF:src/pages/PatientDashboard.tsx
FN:16,PatientDashboard
FN:35,escapeRegExp
FN:39,alignPatientName
FN:59,(anonymous_4)
FN:64,(anonymous_5)
FN:69,(anonymous_6)
FN:70,(anonymous_7)
FN:80,(anonymous_8)
FN:86,(anonymous_9)
FN:91,(anonymous_10)
FN:96,(anonymous_11)
FN:101,(anonymous_12)
FN:108,loadGreeting
FN:129,handleProcessReport
FN:143,submitFeedback
FN:160,sendMessage
FN:163,(anonymous_17)
FN:170,(anonymous_18)
FN:175,(anonymous_19)
FN:183,(anonymous_20)
FN:222,(anonymous_21)
FN:223,(anonymous_22)
FN:274,(anonymous_23)
FN:281,(anonymous_24)
FN:288,(anonymous_25)
FN:299,(anonymous_26)
FN:327,(anonymous_27)
FN:329,(anonymous_28)
FN:331,(anonymous_29)
FN:341,(anonymous_30)
FN:347,(anonymous_31)
FN:351,(anonymous_32)
FN:406,(anonymous_33)
FN:414,(anonymous_34)
FN:435,(anonymous_35)
FN:461,(anonymous_36)
FN:479,(anonymous_37)
FN:488,(anonymous_38)
FNF:38
FNH:0
FNDA:0,PatientDashboard
FNDA:0,escapeRegExp
FNDA:0,alignPatientName
FNDA:0,(anonymous_4)
FNDA:0,(anonymous_5)
FNDA:0,(anonymous_6)
FNDA:0,(anonymous_7)
FNDA:0,(anonymous_8)
FNDA:0,(anonymous_9)
FNDA:0,(anonymous_10)
FNDA:0,(anonymous_11)
FNDA:0,(anonymous_12)
FNDA:0,loadGreeting
FNDA:0,handleProcessReport
FNDA:0,submitFeedback
FNDA:0,sendMessage
FNDA:0,(anonymous_17)
FNDA:0,(anonymous_18)
FNDA:0,(anonymous_19)
FNDA:0,(anonymous_20)
FNDA:0,(anonymous_21)
FNDA:0,(anonymous_22)
FNDA:0,(anonymous_23)
FNDA:0,(anonymous_24)
FNDA:0,(anonymous_25)
FNDA:0,(anonymous_26)
FNDA:0,(anonymous_27)
FNDA:0,(anonymous_28)
FNDA:0,(anonymous_29)
FNDA:0,(anonymous_30)
FNDA:0,(anonymous_31)
FNDA:0,(anonymous_32)
FNDA:0,(anonymous_33)
FNDA:0,(anonymous_34)
FNDA:0,(anonymous_35)
FNDA:0,(anonymous_36)
FNDA:0,(anonymous_37)
FNDA:0,(anonymous_38)
DA:1,0
DA:2,0
DA:3,0
DA:5,0
DA:6,0
DA:7,0
DA:16,0
DA:17,0
DA:18,0
DA:19,0
DA:20,0
DA:21,0
DA:22,0
DA:23,0
DA:24,0
DA:25,0
DA:26,0
DA:27,0
DA:28,0
DA:29,0
DA:30,0
DA:31,0
DA:32,0
DA:33,0
DA:36,0
DA:40,0
DA:41,0
DA:42,0
DA:44,0
DA:45,0
DA:46,0
DA:47,0
DA:48,0
DA:49,0
DA:54,0
DA:55,0
DA:58,0
DA:60,0
DA:64,0
DA:65,0
DA:66,0
DA:69,0
DA:70,0
DA:74,0
DA:81,0
DA:82,0
DA:83,0
DA:84,0
DA:87,0
DA:90,0
DA:92,0
DA:96,0
DA:97,0
DA:101,0
DA:102,0
DA:103,0
DA:104,0
DA:109,0
DA:110,0
DA:111,0
DA:112,0
DA:113,0
DA:114,0
DA:115,0
DA:116,0
DA:117,0
DA:118,0
DA:123,0
DA:125,0
DA:130,0
DA:131,0
DA:132,0
DA:133,0
DA:134,0
DA:135,0
DA:137,0
DA:139,0
DA:144,0
DA:145,0
DA:146,0
DA:147,0
DA:148,0
DA:149,0
DA:150,0
DA:151,0
DA:152,0
DA:154,0
DA:156,0
DA:161,0
DA:162,0
DA:163,0
DA:164,0
DA:165,0
DA:166,0
DA:167,0
DA:168,0
DA:170,0
DA:171,0
DA:172,0
DA:173,0
DA:174,0
DA:175,0
DA:180,0
DA:181,0
DA:183,0
DA:188,0
DA:190,0
DA:194,0
DA:201,0
DA:223,0
DA:274,0
DA:281,0
DA:288,0
DA:300,0
DA:327,0
DA:329,0
DA:331,0
DA:341,0
DA:348,0
DA:351,0
DA:406,0
DA:414,0
DA:436,0
DA:461,0
DA:480,0
DA:488,0
LF:126
LH:0
BRDA:40,0,0,0
BRDA:40,0,1,0
BRDA:42,1,0,0
BRDA:42,1,1,0
BRDA:45,2,0,0
BRDA:45,2,1,0
BRDA:48,3,0,0
BRDA:48,3,1,0
BRDA:54,4,0,0
BRDA:54,4,1,0
BRDA:65,5,0,0
BRDA:65,5,1,0
BRDA:76,6,0,0
BRDA:76,6,1,0
BRDA:77,7,0,0
BRDA:77,7,1,0
BRDA:81,8,0,0
BRDA:81,8,1,0
BRDA:87,9,0,0
BRDA:87,9,1,0
BRDA:87,10,0,0
BRDA:87,10,1,0
BRDA:102,11,0,0
BRDA:102,11,1,0
BRDA:102,12,0,0
BRDA:102,12,1,0
BRDA:102,12,2,0
BRDA:102,12,3,0
BRDA:110,13,0,0
BRDA:110,13,1,0
BRDA:130,14,0,0
BRDA:130,14,1,0
BRDA:133,15,0,0
BRDA:133,15,1,0
BRDA:144,16,0,0
BRDA:144,16,1,0
BRDA:144,17,0,0
BRDA:144,17,1,0
BRDA:148,18,0,0
BRDA:148,18,1,0
BRDA:161,19,0,0
BRDA:161,19,1,0
BRDA:161,20,0,0
BRDA:161,20,1,0
BRDA:172,21,0,0
BRDA:172,21,1,0
BRDA:203,22,0,0
BRDA:203,22,1,0
BRDA:224,23,0,0
BRDA:224,23,1,0
BRDA:225,24,0,0
BRDA:225,24,1,0
BRDA:235,25,0,0
BRDA:235,25,1,0
BRDA:237,26,0,0
BRDA:237,26,1,0
BRDA:255,27,0,0
BRDA:255,27,1,0
BRDA:263,28,0,0
BRDA:263,28,1,0
BRDA:301,29,0,0
BRDA:301,29,1,0
BRDA:312,30,0,0
BRDA:312,30,1,0
BRDA:329,31,0,0
BRDA:329,31,1,0
BRDA:329,32,0,0
BRDA:329,32,1,0
BRDA:331,33,0,0
BRDA:331,33,1,0
BRDA:335,34,0,0
BRDA:335,34,1,0
BRDA:350,35,0,0
BRDA:350,35,1,0
BRDA:360,36,0,0
BRDA:360,36,1,0
BRDA:373,37,0,0
BRDA:373,37,1,0
BRDA:380,38,0,0
BRDA:380,38,1,0
BRDA:384,39,0,0
BRDA:384,39,1,0
BRDA:385,40,0,0
BRDA:385,40,1,0
BRDA:387,41,0,0
BRDA:387,41,1,0
BRDA:392,42,0,0
BRDA:392,42,1,0
BRDA:398,43,0,0
BRDA:398,43,1,0
BRDA:398,44,0,0
BRDA:398,44,1,0
BRDA:402,45,0,0
BRDA:402,45,1,0
BRDA:423,46,0,0
BRDA:423,46,1,0
BRDA:425,47,0,0
BRDA:425,47,1,0
BRDA:448,48,0,0
BRDA:448,48,1,0
BRDA:453,49,0,0
BRDA:453,49,1,0
BRDA:470,50,0,0
BRDA:470,50,1,0
BRDA:470,50,2,0
BRF:105
BRH:0
end_of_record
TN:
SF:src/services/api.ts
FN:22,(anonymous_0)
FN:32,normalizeApiErrorPayload
FN:44,toApiError
FN:55,formatApiError
FN:64,resolveIdoniaOpenUrl
FN:83,req
FN:89,(anonymous_6)
FN:96,(anonymous_7)
FN:103,(anonymous_8)
FN:107,(anonymous_9)
FN:111,(anonymous_10)
FN:115,(anonymous_11)
FN:121,(anonymous_12)
FN:130,(anonymous_13)
FN:134,(anonymous_14)
FN:141,(anonymous_15)
FN:145,(anonymous_16)
FN:149,(anonymous_17)
FN:153,(anonymous_18)
FN:159,(anonymous_19)
FN:165,(anonymous_20)
FN:176,(anonymous_21)
FN:184,(anonymous_22)
FN:189,(anonymous_23)
FN:196,(anonymous_24)
FN:198,(anonymous_25)
FNF:26
FNH:0
FNDA:0,(anonymous_0)
FNDA:0,normalizeApiErrorPayload
FNDA:0,toApiError
FNDA:0,formatApiError
FNDA:0,resolveIdoniaOpenUrl
FNDA:0,req
FNDA:0,(anonymous_6)
FNDA:0,(anonymous_7)
FNDA:0,(anonymous_8)
FNDA:0,(anonymous_9)
FNDA:0,(anonymous_10)
FNDA:0,(anonymous_11)
FNDA:0,(anonymous_12)
FNDA:0,(anonymous_13)
FNDA:0,(anonymous_14)
FNDA:0,(anonymous_15)
FNDA:0,(anonymous_16)
FNDA:0,(anonymous_17)
FNDA:0,(anonymous_18)
FNDA:0,(anonymous_19)
FNDA:0,(anonymous_20)
FNDA:0,(anonymous_21)
FNDA:0,(anonymous_22)
FNDA:0,(anonymous_23)
FNDA:0,(anonymous_24)
FNDA:0,(anonymous_25)
DA:6,0
DA:16,0
DA:17,0
DA:18,0
DA:19,0
DA:20,0
DA:23,0
DA:24,0
DA:25,0
DA:26,0
DA:27,0
DA:28,0
DA:33,0
DA:34,0
DA:35,0
DA:45,0
DA:46,0
DA:47,0
DA:55,0
DA:56,0
DA:57,0
DA:58,0
DA:60,0
DA:61,0
DA:64,0
DA:65,0
DA:66,0
DA:68,0
DA:69,0
DA:70,0
DA:71,0
DA:72,0
DA:74,0
DA:75,0
DA:77,0
DA:80,0
DA:84,0
DA:85,0
DA:87,0
DA:88,0
DA:89,0
DA:90,0
DA:92,0
DA:95,0
DA:97,0
DA:104,0
DA:108,0
DA:112,0
DA:116,0
DA:122,0
DA:123,0
DA:124,0
DA:125,0
DA:126,0
DA:127,0
DA:131,0
DA:135,0
DA:142,0
DA:146,0
DA:150,0
DA:154,0
DA:160,0
DA:166,0
DA:177,0
DA:178,0
DA:185,0
DA:186,0
DA:190,0
DA:191,0
DA:192,0
DA:197,0
DA:198,0
DA:199,0
DA:201,0
LF:74
LH:0
BRDA:6,0,0,0
BRDA:6,0,1,0
BRDA:33,1,0,0
BRDA:33,1,1,0
BRDA:33,2,0,0
BRDA:33,2,1,0
BRDA:36,3,0,0
BRDA:36,3,1,0
BRDA:37,4,0,0
BRDA:37,4,1,0
BRDA:38,5,0,0
BRDA:38,5,1,0
BRDA:40,6,0,0
BRDA:40,6,1,0
BRDA:46,7,0,0
BRDA:46,7,1,0
BRDA:46,7,2,0
BRDA:55,8,0,0
BRDA:56,9,0,0
BRDA:56,9,1,0
BRDA:57,10,0,0
BRDA:57,10,1,0
BRDA:60,11,0,0
BRDA:60,11,1,0
BRDA:60,12,0,0
BRDA:60,12,1,0
BRDA:64,13,0,0
BRDA:65,14,0,0
BRDA:65,14,1,0
BRDA:66,15,0,0
BRDA:66,15,1,0
BRDA:68,16,0,0
BRDA:68,16,1,0
BRDA:69,17,0,0
BRDA:69,17,1,0
BRDA:70,18,0,0
BRDA:70,18,1,0
BRDA:71,19,0,0
BRDA:71,19,1,0
BRDA:74,20,0,0
BRDA:74,20,1,0
BRDA:85,21,0,0
BRDA:85,21,1,0
BRDA:88,22,0,0
BRDA:88,22,1,0
BRDA:123,23,0,0
BRDA:123,23,1,0
BRDA:124,24,0,0
BRDA:124,24,1,0
BRDA:125,25,0,0
BRDA:125,25,1,0
BRDA:126,26,0,0
BRDA:126,26,1,0
BRDA:177,27,0,0
BRDA:177,27,1,0
BRDA:185,28,0,0
BRDA:185,28,1,0
BRDA:191,29,0,0
BRDA:191,29,1,0
BRDA:197,30,0,0
BRDA:197,30,1,0
BRF:61
BRH:0
end_of_record
